Using pre-set license
Built from '2020.3/staging' branch; Version is '2020.3.10f1 (297d780c91bc) revision 2719096'; Using compiler version '192528614'; Build Type 'Release'
OS: 'Windows 10 Pro; OS build 19042.1083; Version 2009; 64bit' Language: 'ru' Physical Memory: 8190 MB
BatchMode: 1, IsHumanControllingUs: 0, StartBugReporterOnCrash: 0, Is64bit: 1, IsPro: 0

 COMMAND LINE ARGUMENTS:
E:\UNITYEDITORS\2020.3.10f1\Editor\Unity.exe
-adb2
-batchMode
-noUpm
-name
AssetImportWorker0
-projectPath
D:/Unity Projects/Island-Survival
-logFile
Logs/AssetImportWorker0.log
-srvPort
54964
Successfully changed project path to: D:/Unity Projects/Island-Survival
D:/Unity Projects/Island-Survival
Using Asset Import Pipeline V2.
Refreshing native plugins compatible for Editor in 519.76 ms, found 2 plugins.
Preloading 0 native plugins for Editor in 0.00 ms.
Initialize engine version: 2020.3.10f1 (297d780c91bc)
[Subsystems] Discovering subsystems at path E:/UNITYEDITORS/2020.3.10f1/Editor/Data/Resources/UnitySubsystems
[Subsystems] Discovering subsystems at path D:/Unity Projects/Island-Survival/Assets
GfxDevice: creating device client; threaded=0
Direct3D:
    Version:  Direct3D 11.0 [level 11.0]
    Renderer: AMD Radeon HD 6700 Series (ID=0x68ba)
    Vendor:   
    VRAM:     1010 MB
    Driver:   15.201.1151.1008
Shader 'Universal Render Pipeline/Particles/Lit': fallback shader 'Universal Render Pipeline/Particles/SimpleLit' not found
Initialize mono
Mono path[0] = 'E:/UNITYEDITORS/2020.3.10f1/Editor/Data/Managed'
Mono path[1] = 'E:/UNITYEDITORS/2020.3.10f1/Editor/Data/MonoBleedingEdge/lib/mono/unityjit'
Mono config path = 'E:/UNITYEDITORS/2020.3.10f1/Editor/Data/MonoBleedingEdge/etc'
Using monoOptions --debugger-agent=transport=dt_socket,embedding=1,server=y,suspend=n,address=127.0.0.1:56592
Begin MonoManager ReloadAssembly
Registering precompiled unity dll's ...
Register platform support module: E:/UNITYEDITORS/2020.3.10f1/Editor/Data/PlaybackEngines/WindowsStandaloneSupport/UnityEditor.WindowsStandalone.Extensions.dll
Registered in 0.002086 seconds.
Native extension for WindowsStandalone target not found
Refreshing native plugins compatible for Editor in 245.60 ms, found 2 plugins.
Preloading 0 native plugins for Editor in 0.00 ms.
Mono: successfully reloaded assembly
- Completed reload, in  4.525 seconds
Platform modules already initialized, skipping
Registering precompiled user dll's ...
Registered in 0.008963 seconds.
Begin MonoManager ReloadAssembly
Native extension for WindowsStandalone target not found
Refreshing native plugins compatible for Editor in 281.95 ms, found 2 plugins.
Preloading 0 native plugins for Editor in 0.00 ms.
Mono: successfully reloaded assembly
- Completed reload, in  4.763 seconds
Platform modules already initialized, skipping
========================================================================
Worker process is ready to serve import requests
Shader 'Universal Render Pipeline/Particles/Lit': fallback shader 'Universal Render Pipeline/Particles/SimpleLit' not found
Launched and connected shader compiler UnityShaderCompiler.exe after 0.24 seconds
Refreshing native plugins compatible for Editor in 1.53 ms, found 2 plugins.
Preloading 0 native plugins for Editor in 0.00 ms.
Unloading 3043 Unused Serialized files (Serialized files now loaded: 0)
System memory in use before: 175.8 MB.
System memory in use after: 176.0 MB.

Unloading 25 unused Assets to reduce memory usage. Loaded Objects now: 3513.
Total: 7.452500 ms (FindLiveObjects: 1.078800 ms CreateObjectMapping: 0.590100 ms MarkObjects: 5.463900 ms  DeleteObjects: 0.316900 ms)

========================================================================
Received Import Request.
  path: Assets/Packs/StylizedWater2/Materials/StylizedWater2_Lowpoly.mat
  artifactKey: Guid(a0b5f77a73da34b4aa3402decf70e1c7) Importer(815301076,1909f56bfc062723c751e8b465ee728b)
Start importing Assets/Packs/StylizedWater2/Materials/StylizedWater2_Lowpoly.mat using Guid(a0b5f77a73da34b4aa3402decf70e1c7) Importer(815301076,1909f56bfc062723c751e8b465ee728b)  -> (artifact id: '8e31f25f492b5cd62ceb7849c94032e6') in 0.846224 seconds
  Import took 0.876768 seconds .

========================================================================
Received Import Request.
  Time since last request: 0.000474 seconds.
  path: Assets/Packs/StylizedWater2/Materials/StylizedWater2_Ocean.mat
  artifactKey: Guid(d53e2a245a2e389439504202541600e4) Importer(815301076,1909f56bfc062723c751e8b465ee728b)
Start importing Assets/Packs/StylizedWater2/Materials/StylizedWater2_Ocean.mat using Guid(d53e2a245a2e389439504202541600e4) Importer(815301076,1909f56bfc062723c751e8b465ee728b)  -> (artifact id: '3e462e8db841229ffe65ff1ff8317fb4') in 0.239555 seconds
  Import took 0.267444 seconds .

========================================================================
Received Import Request.
  Time since last request: 0.000398 seconds.
  path: Assets/Packs/StylizedWater2/Materials/WaterTransparencyMask.mat
  artifactKey: Guid(3e6c8c11caedc6141bb87f848d6f8cd1) Importer(815301076,1909f56bfc062723c751e8b465ee728b)
Start importing Assets/Packs/StylizedWater2/Materials/WaterTransparencyMask.mat using Guid(3e6c8c11caedc6141bb87f848d6f8cd1) Importer(815301076,1909f56bfc062723c751e8b465ee728b)  -> (artifact id: '7418ad53a3bd5846be065c828e4a3ae9') in 0.055707 seconds
  Import took 0.094571 seconds .

========================================================================
Received Import Request.
  Time since last request: 0.001875 seconds.
  path: Assets/Packs/StylizedWater2/Materials/StylizedWater2_ToxicGoop.mat
  artifactKey: Guid(6b46a672ce40a574c9318ac48298d644) Importer(815301076,1909f56bfc062723c751e8b465ee728b)
Start importing Assets/Packs/StylizedWater2/Materials/StylizedWater2_ToxicGoop.mat using Guid(6b46a672ce40a574c9318ac48298d644) Importer(815301076,1909f56bfc062723c751e8b465ee728b)  -> (artifact id: 'cc7b4d313e4141626fc12b7e846564f7') in 11.722950 seconds
  Import took 11.784966 seconds .

========================================================================
Received Prepare
Registering precompiled user dll's ...
Registered in 0.016864 seconds.
Begin MonoManager ReloadAssembly
Native extension for WindowsStandalone target not found
Refreshing native plugins compatible for Editor in 1.45 ms, found 2 plugins.
Preloading 0 native plugins for Editor in 0.00 ms.
Mono: successfully reloaded assembly
- Completed reload, in  7.826 seconds
Platform modules already initialized, skipping
Shader 'Universal Render Pipeline/Particles/Lit': fallback shader 'Universal Render Pipeline/Particles/SimpleLit' not found
Refreshing native plugins compatible for Editor in 1.51 ms, found 2 plugins.
Preloading 0 native plugins for Editor in 0.00 ms.
Unloading 2893 Unused Serialized files (Serialized files now loaded: 0)
System memory in use before: 170.1 MB.
System memory in use after: 170.4 MB.

Unloading 20 unused Assets to reduce memory usage. Loaded Objects now: 3599.
Total: 6.735300 ms (FindLiveObjects: 0.961300 ms CreateObjectMapping: 0.316700 ms MarkObjects: 5.380500 ms  DeleteObjects: 0.072700 ms)

========================================================================
Received Import Request.
  Time since last request: 97.007996 seconds.
  path: Assets/Packs/StylizedWater2/Materials/StylizedWater2_ToxicGoop.mat
  artifactKey: Guid(6b46a672ce40a574c9318ac48298d644) Importer(815301076,1909f56bfc062723c751e8b465ee728b)
Start importing Assets/Packs/StylizedWater2/Materials/StylizedWater2_ToxicGoop.mat using Guid(6b46a672ce40a574c9318ac48298d644) Importer(815301076,1909f56bfc062723c751e8b465ee728b)  -> (artifact id: 'cc7b4d313e4141626fc12b7e846564f7') in 0.550768 seconds
  Import took 0.560794 seconds .

========================================================================
Received Import Request.
  Time since last request: 0.000121 seconds.
  path: Assets/Packs/StylizedWater2/Materials/StylizedWater2_Lava.mat
  artifactKey: Guid(ee48693f3f703a140b228f9f89d0214d) Importer(815301076,1909f56bfc062723c751e8b465ee728b)
Start importing Assets/Packs/StylizedWater2/Materials/StylizedWater2_Lava.mat using Guid(ee48693f3f703a140b228f9f89d0214d) Importer(815301076,1909f56bfc062723c751e8b465ee728b)  -> (artifact id: '32f08ac139dbed415e4dedec78ca5433') in 0.695124 seconds
  Import took 0.707053 seconds .

========================================================================
Received Import Request.
  Time since last request: 0.000066 seconds.
  path: Assets/Packs/StylizedWater2/Materials/StylizedWater2_Clear.mat
  artifactKey: Guid(43b3db0cf9471a247b8feae47691828e) Importer(815301076,1909f56bfc062723c751e8b465ee728b)
Start importing Assets/Packs/StylizedWater2/Materials/StylizedWater2_Clear.mat using Guid(43b3db0cf9471a247b8feae47691828e) Importer(815301076,1909f56bfc062723c751e8b465ee728b)  -> (artifact id: '489343e194de58cb028c16bdcf9d20c8') in 3.581712 seconds
  Import took 3.591489 seconds .

========================================================================
Received Import Request.
  Time since last request: 0.000373 seconds.
  path: Assets/Packs/StylizedWater2/Materials/StylizedWater2_Toon.mat
  artifactKey: Guid(21d5d3b63a3f53f4bb29e5de315cd701) Importer(815301076,1909f56bfc062723c751e8b465ee728b)
Start importing Assets/Packs/StylizedWater2/Materials/StylizedWater2_Toon.mat using Guid(21d5d3b63a3f53f4bb29e5de315cd701) Importer(815301076,1909f56bfc062723c751e8b465ee728b)  -> (artifact id: '04da7a62cb704f9698be0873975e20f2') in 0.153724 seconds
  Import took 0.184800 seconds .

========================================================================
Received Import Request.
  Time since last request: 0.064950 seconds.
  path: Assets/Packs/StylizedWater2/Materials/StylizedWater2_Mobile.mat
  artifactKey: Guid(9e73dc93ef929ba46ae79f13b165b3dc) Importer(815301076,1909f56bfc062723c751e8b465ee728b)
Start importing Assets/Packs/StylizedWater2/Materials/StylizedWater2_Mobile.mat using Guid(9e73dc93ef929ba46ae79f13b165b3dc) Importer(815301076,1909f56bfc062723c751e8b465ee728b)  -> (artifact id: '1f795773aed127c7d5a4b60efefd3d32') in 0.128422 seconds
  Import took 0.153758 seconds .

========================================================================
Received Import Request.
  Time since last request: 0.000413 seconds.
  path: Assets/Packs/StylizedWater2/Materials/StylizedWater2_Desktop.mat
  artifactKey: Guid(fbb04271505a76f40b984e38071e86f3) Importer(815301076,1909f56bfc062723c751e8b465ee728b)
Start importing Assets/Packs/StylizedWater2/Materials/StylizedWater2_Desktop.mat using Guid(fbb04271505a76f40b984e38071e86f3) Importer(815301076,1909f56bfc062723c751e8b465ee728b)  -> (artifact id: 'd3580f18fb321397b42cd1e4a3c58088') in 0.268134 seconds
  Import took 0.277242 seconds .

========================================================================
Received Prepare
Registering precompiled user dll's ...
Registered in 0.017587 seconds.
Begin MonoManager ReloadAssembly
Native extension for WindowsStandalone target not found
Refreshing native plugins compatible for Editor in 7.38 ms, found 2 plugins.
Preloading 0 native plugins for Editor in 0.00 ms.
Mono: successfully reloaded assembly
- Completed reload, in  9.063 seconds
Platform modules already initialized, skipping
Shader 'Universal Render Pipeline/Particles/Lit': fallback shader 'Universal Render Pipeline/Particles/SimpleLit' not found
Refreshing native plugins compatible for Editor in 1.56 ms, found 2 plugins.
Preloading 0 native plugins for Editor in 0.00 ms.
Unloading 2893 Unused Serialized files (Serialized files now loaded: 0)
System memory in use before: 170.4 MB.
System memory in use after: 170.6 MB.

Unloading 20 unused Assets to reduce memory usage. Loaded Objects now: 3639.
Total: 6.848600 ms (FindLiveObjects: 0.986700 ms CreateObjectMapping: 0.328400 ms MarkObjects: 5.465700 ms  DeleteObjects: 0.065100 ms)

========================================================================
Received Prepare
Registering precompiled user dll's ...
Registered in 0.027667 seconds.
Begin MonoManager ReloadAssembly
Native extension for WindowsStandalone target not found
Refreshing native plugins compatible for Editor in 1.40 ms, found 2 plugins.
Preloading 0 native plugins for Editor in 0.00 ms.
Mono: successfully reloaded assembly
- Completed reload, in  5.137 seconds
Platform modules already initialized, skipping
Shader 'Universal Render Pipeline/Particles/Lit': fallback shader 'Universal Render Pipeline/Particles/SimpleLit' not found
Refreshing native plugins compatible for Editor in 1.45 ms, found 2 plugins.
Preloading 0 native plugins for Editor in 0.00 ms.
Unloading 2893 Unused Serialized files (Serialized files now loaded: 0)
System memory in use before: 170.4 MB.
System memory in use after: 170.7 MB.

Unloading 20 unused Assets to reduce memory usage. Loaded Objects now: 3642.
Total: 14.353200 ms (FindLiveObjects: 1.136900 ms CreateObjectMapping: 1.217700 ms MarkObjects: 11.940600 ms  DeleteObjects: 0.054300 ms)

========================================================================
Received Prepare
Registering precompiled user dll's ...
Registered in 0.007750 seconds.
Begin MonoManager ReloadAssembly
Native extension for WindowsStandalone target not found
Refreshing native plugins compatible for Editor in 1.40 ms, found 2 plugins.
Preloading 0 native plugins for Editor in 0.00 ms.
Mono: successfully reloaded assembly
- Completed reload, in  2.590 seconds
Platform modules already initialized, skipping
Shader 'Universal Render Pipeline/Particles/Lit': fallback shader 'Universal Render Pipeline/Particles/SimpleLit' not found
Refreshing native plugins compatible for Editor in 3.39 ms, found 2 plugins.
Preloading 0 native plugins for Editor in 0.00 ms.
Unloading 2893 Unused Serialized files (Serialized files now loaded: 0)
System memory in use before: 170.5 MB.
System memory in use after: 170.7 MB.

Unloading 20 unused Assets to reduce memory usage. Loaded Objects now: 3645.
Total: 14.557700 ms (FindLiveObjects: 3.574800 ms CreateObjectMapping: 0.436400 ms MarkObjects: 10.403500 ms  DeleteObjects: 0.133500 ms)

========================================================================
Received Prepare
Registering precompiled user dll's ...
Registered in 0.008969 seconds.
Begin MonoManager ReloadAssembly
Native extension for WindowsStandalone target not found
Refreshing native plugins compatible for Editor in 1.43 ms, found 2 plugins.
Preloading 0 native plugins for Editor in 0.00 ms.
Mono: successfully reloaded assembly
- Completed reload, in  2.645 seconds
Platform modules already initialized, skipping
Shader 'Universal Render Pipeline/Particles/Lit': fallback shader 'Universal Render Pipeline/Particles/SimpleLit' not found
Refreshing native plugins compatible for Editor in 3.22 ms, found 2 plugins.
Preloading 0 native plugins for Editor in 0.00 ms.
Unloading 2893 Unused Serialized files (Serialized files now loaded: 0)
System memory in use before: 170.5 MB.
System memory in use after: 170.7 MB.

Unloading 20 unused Assets to reduce memory usage. Loaded Objects now: 3648.
Total: 7.496400 ms (FindLiveObjects: 0.940100 ms CreateObjectMapping: 0.316000 ms MarkObjects: 6.181400 ms  DeleteObjects: 0.055900 ms)

========================================================================
Received Prepare
Registering precompiled user dll's ...
Registered in 0.008241 seconds.
Begin MonoManager ReloadAssembly
Native extension for WindowsStandalone target not found
Refreshing native plugins compatible for Editor in 2.22 ms, found 2 plugins.
Preloading 0 native plugins for Editor in 0.00 ms.
Mono: successfully reloaded assembly
- Completed reload, in  6.784 seconds
Platform modules already initialized, skipping
Shader 'Universal Render Pipeline/Particles/Lit': fallback shader 'Universal Render Pipeline/Particles/SimpleLit' not found
Refreshing native plugins compatible for Editor in 1.42 ms, found 2 plugins.
Preloading 0 native plugins for Editor in 0.00 ms.
Unloading 2893 Unused Serialized files (Serialized files now loaded: 0)
System memory in use before: 170.6 MB.
System memory in use after: 170.8 MB.

Unloading 20 unused Assets to reduce memory usage. Loaded Objects now: 3651.
Total: 35.990900 ms (FindLiveObjects: 8.520200 ms CreateObjectMapping: 0.305200 ms MarkObjects: 27.104400 ms  DeleteObjects: 0.057500 ms)

========================================================================
Received Prepare
Registering precompiled user dll's ...
Registered in 0.014724 seconds.
Begin MonoManager ReloadAssembly
Native extension for WindowsStandalone target not found
Refreshing native plugins compatible for Editor in 1.39 ms, found 2 plugins.
Preloading 0 native plugins for Editor in 0.00 ms.
Mono: successfully reloaded assembly
- Completed reload, in  7.674 seconds
Platform modules already initialized, skipping
Shader 'Universal Render Pipeline/Particles/Lit': fallback shader 'Universal Render Pipeline/Particles/SimpleLit' not found
Refreshing native plugins compatible for Editor in 1.46 ms, found 2 plugins.
Preloading 0 native plugins for Editor in 0.00 ms.
Unloading 2893 Unused Serialized files (Serialized files now loaded: 0)
System memory in use before: 170.6 MB.
System memory in use after: 170.8 MB.

Unloading 20 unused Assets to reduce memory usage. Loaded Objects now: 3654.
Total: 6.912200 ms (FindLiveObjects: 1.108700 ms CreateObjectMapping: 0.383100 ms MarkObjects: 5.364600 ms  DeleteObjects: 0.052500 ms)

========================================================================
Received Import Request.
  Time since last request: 1246.064147 seconds.
  path: Assets/Resources/Player.prefab
  artifactKey: Guid(efaaff4a216985648955dd447150fa59) Importer(815301076,1909f56bfc062723c751e8b465ee728b)
Start importing Assets/Resources/Player.prefab using Guid(efaaff4a216985648955dd447150fa59) Importer(815301076,1909f56bfc062723c751e8b465ee728b)  -> (artifact id: 'c1fa6f5aed335ef46c46dc4268dd0b62') in 2.528980 seconds
  Import took 2.623210 seconds .

========================================================================
Received Import Request.
  Time since last request: 0.000666 seconds.
  path: Assets/Scenes/World.unity
  artifactKey: Guid(b6e8ff69f3561a94e808721cb0c8174b) Importer(815301076,1909f56bfc062723c751e8b465ee728b)
Start importing Assets/Scenes/World.unity using Guid(b6e8ff69f3561a94e808721cb0c8174b) Importer(815301076,1909f56bfc062723c751e8b465ee728b)  -> (artifact id: 'cf28eafac405fc4dd3906506b8359f31') in 0.007890 seconds
  Import took 0.029520 seconds .

========================================================================
Received Import Request.
  Time since last request: 0.529195 seconds.
  path: Assets/Scenes/Menu.unity
  artifactKey: Guid(aa6835924213ce046912f4760c1888c0) Importer(815301076,1909f56bfc062723c751e8b465ee728b)
Start importing Assets/Scenes/Menu.unity using Guid(aa6835924213ce046912f4760c1888c0) Importer(815301076,1909f56bfc062723c751e8b465ee728b)  -> (artifact id: 'fd5bf57937d73d003daae503b1dcf58f') in 0.008789 seconds
  Import took 0.034414 seconds .

========================================================================
Received Prepare
Registering precompiled user dll's ...
Registered in 0.057164 seconds.
Begin MonoManager ReloadAssembly
Native extension for WindowsStandalone target not found
Refreshing native plugins compatible for Editor in 1.55 ms, found 2 plugins.
Preloading 0 native plugins for Editor in 0.00 ms.
Mono: successfully reloaded assembly
- Completed reload, in  4.513 seconds
Platform modules already initialized, skipping
Shader 'Universal Render Pipeline/Particles/Lit': fallback shader 'Universal Render Pipeline/Particles/SimpleLit' not found
Refreshing native plugins compatible for Editor in 1.44 ms, found 2 plugins.
Preloading 0 native plugins for Editor in 0.00 ms.
Unloading 2893 Unused Serialized files (Serialized files now loaded: 0)
System memory in use before: 170.8 MB.
System memory in use after: 171.1 MB.

Unloading 20 unused Assets to reduce memory usage. Loaded Objects now: 3694.
Total: 7.759900 ms (FindLiveObjects: 0.964200 ms CreateObjectMapping: 0.328500 ms MarkObjects: 6.406100 ms  DeleteObjects: 0.057600 ms)

========================================================================
Received Prepare
Shader 'Universal Render Pipeline/Particles/Lit': fallback shader 'Universal Render Pipeline/Particles/SimpleLit' not found
Refreshing native plugins compatible for Editor in 9.27 ms, found 2 plugins.
Preloading 0 native plugins for Editor in 0.00 ms.
Unloading 18 Unused Serialized files (Serialized files now loaded: 0)
System memory in use before: 114.1 MB.
System memory in use after: 114.3 MB.

Unloading 17 unused Assets to reduce memory usage. Loaded Objects now: 3694.
Total: 41.096000 ms (FindLiveObjects: 0.892700 ms CreateObjectMapping: 0.342600 ms MarkObjects: 39.810500 ms  DeleteObjects: 0.047600 ms)

========================================================================
Received Prepare
Shader 'Universal Render Pipeline/Particles/Lit': fallback shader 'Universal Render Pipeline/Particles/SimpleLit' not found
Refreshing native plugins compatible for Editor in 12.50 ms, found 2 plugins.
Preloading 0 native plugins for Editor in 0.00 ms.
Unloading 18 Unused Serialized files (Serialized files now loaded: 0)
System memory in use before: 114.1 MB.
System memory in use after: 114.3 MB.

Unloading 17 unused Assets to reduce memory usage. Loaded Objects now: 3694.
Total: 84.318100 ms (FindLiveObjects: 2.298800 ms CreateObjectMapping: 0.607700 ms MarkObjects: 81.210000 ms  DeleteObjects: 0.194400 ms)

========================================================================
Received Prepare
Registering precompiled user dll's ...
Registered in 0.024424 seconds.
Begin MonoManager ReloadAssembly
Native extension for WindowsStandalone target not found
Refreshing native plugins compatible for Editor in 1.47 ms, found 2 plugins.
Preloading 0 native plugins for Editor in 0.00 ms.
Mono: successfully reloaded assembly
- Completed reload, in  4.389 seconds
Platform modules already initialized, skipping
Shader 'Universal Render Pipeline/Particles/Lit': fallback shader 'Universal Render Pipeline/Particles/SimpleLit' not found
Refreshing native plugins compatible for Editor in 1.41 ms, found 2 plugins.
Preloading 0 native plugins for Editor in 0.00 ms.
Unloading 2893 Unused Serialized files (Serialized files now loaded: 0)
System memory in use before: 170.9 MB.
System memory in use after: 171.1 MB.

Unloading 20 unused Assets to reduce memory usage. Loaded Objects now: 3697.
Total: 6.737500 ms (FindLiveObjects: 0.965100 ms CreateObjectMapping: 0.334000 ms MarkObjects: 5.382200 ms  DeleteObjects: 0.052800 ms)

========================================================================
Received Prepare
Registering precompiled user dll's ...
Registered in 0.017910 seconds.
Begin MonoManager ReloadAssembly
Native extension for WindowsStandalone target not found
Refreshing native plugins compatible for Editor in 1.43 ms, found 2 plugins.
Preloading 0 native plugins for Editor in 0.00 ms.
Mono: successfully reloaded assembly
- Completed reload, in  3.819 seconds
Platform modules already initialized, skipping
Shader 'Universal Render Pipeline/Particles/Lit': fallback shader 'Universal Render Pipeline/Particles/SimpleLit' not found
Refreshing native plugins compatible for Editor in 1.45 ms, found 2 plugins.
Preloading 0 native plugins for Editor in 0.00 ms.
Unloading 2893 Unused Serialized files (Serialized files now loaded: 0)
System memory in use before: 170.9 MB.
System memory in use after: 171.1 MB.

Unloading 20 unused Assets to reduce memory usage. Loaded Objects now: 3700.
Total: 6.958700 ms (FindLiveObjects: 1.008900 ms CreateObjectMapping: 0.332800 ms MarkObjects: 5.559200 ms  DeleteObjects: 0.055200 ms)

========================================================================
Received Prepare
Registering precompiled user dll's ...
Registered in 0.007292 seconds.
Begin MonoManager ReloadAssembly
Native extension for WindowsStandalone target not found
Refreshing native plugins compatible for Editor in 1.46 ms, found 2 plugins.
Preloading 0 native plugins for Editor in 0.00 ms.
Mono: successfully reloaded assembly
- Completed reload, in  3.037 seconds
Platform modules already initialized, skipping
Shader 'Universal Render Pipeline/Particles/Lit': fallback shader 'Universal Render Pipeline/Particles/SimpleLit' not found
Refreshing native plugins compatible for Editor in 1.43 ms, found 2 plugins.
Preloading 0 native plugins for Editor in 0.00 ms.
Unloading 2893 Unused Serialized files (Serialized files now loaded: 0)
System memory in use before: 170.9 MB.
System memory in use after: 171.2 MB.

Unloading 20 unused Assets to reduce memory usage. Loaded Objects now: 3703.
Total: 7.158000 ms (FindLiveObjects: 0.942900 ms CreateObjectMapping: 0.327900 ms MarkObjects: 5.832900 ms  DeleteObjects: 0.051300 ms)

========================================================================
Received Prepare
Registering precompiled user dll's ...
Registered in 0.007906 seconds.
Begin MonoManager ReloadAssembly
Native extension for WindowsStandalone target not found
Refreshing native plugins compatible for Editor in 3.92 ms, found 2 plugins.
Preloading 0 native plugins for Editor in 0.00 ms.
Mono: successfully reloaded assembly
- Completed reload, in  5.487 seconds
Platform modules already initialized, skipping
Shader 'Universal Render Pipeline/Particles/Lit': fallback shader 'Universal Render Pipeline/Particles/SimpleLit' not found
Refreshing native plugins compatible for Editor in 1.47 ms, found 2 plugins.
Preloading 0 native plugins for Editor in 0.00 ms.
Unloading 2893 Unused Serialized files (Serialized files now loaded: 0)
System memory in use before: 171.0 MB.
System memory in use after: 171.2 MB.

Unloading 20 unused Assets to reduce memory usage. Loaded Objects now: 3706.
Total: 7.212300 ms (FindLiveObjects: 0.958700 ms CreateObjectMapping: 0.319400 ms MarkObjects: 5.874100 ms  DeleteObjects: 0.056900 ms)

========================================================================
Received Prepare
Registering precompiled user dll's ...
Registered in 0.118237 seconds.
Begin MonoManager ReloadAssembly
Native extension for WindowsStandalone target not found
Refreshing native plugins compatible for Editor in 1.52 ms, found 2 plugins.
Preloading 0 native plugins for Editor in 0.00 ms.
Mono: successfully reloaded assembly
- Completed reload, in  9.449 seconds
Platform modules already initialized, skipping
Shader 'Universal Render Pipeline/Particles/Lit': fallback shader 'Universal Render Pipeline/Particles/SimpleLit' not found
Refreshing native plugins compatible for Editor in 6.59 ms, found 2 plugins.
Preloading 0 native plugins for Editor in 0.00 ms.
Unloading 2893 Unused Serialized files (Serialized files now loaded: 0)
System memory in use before: 171.0 MB.
System memory in use after: 171.2 MB.

Unloading 20 unused Assets to reduce memory usage. Loaded Objects now: 3709.
Total: 43.064100 ms (FindLiveObjects: 3.092600 ms CreateObjectMapping: 1.182700 ms MarkObjects: 38.550700 ms  DeleteObjects: 0.234000 ms)

========================================================================
Received Import Request.
  Time since last request: 3339.583838 seconds.
  path: Assets/Prefabs/Stone1.prefab
  artifactKey: Guid(4e488ba2613de0b4480ed175f16d8c79) Importer(815301076,1909f56bfc062723c751e8b465ee728b)
Start importing Assets/Prefabs/Stone1.prefab using Guid(4e488ba2613de0b4480ed175f16d8c79) Importer(815301076,1909f56bfc062723c751e8b465ee728b)  -> (artifact id: '009b395e13e7bc89613f5a98ef479edb') in 1.188577 seconds
  Import took 1.272357 seconds .

========================================================================
Received Prepare
Registering precompiled user dll's ...
Registered in 0.007801 seconds.
Begin MonoManager ReloadAssembly
Native extension for WindowsStandalone target not found
Refreshing native plugins compatible for Editor in 2.49 ms, found 2 plugins.
Preloading 0 native plugins for Editor in 0.00 ms.
Mono: successfully reloaded assembly
- Completed reload, in  4.387 seconds
Platform modules already initialized, skipping
Shader 'Universal Render Pipeline/Particles/Lit': fallback shader 'Universal Render Pipeline/Particles/SimpleLit' not found
Refreshing native plugins compatible for Editor in 3.32 ms, found 2 plugins.
Preloading 0 native plugins for Editor in 0.00 ms.
Unloading 2893 Unused Serialized files (Serialized files now loaded: 0)
System memory in use before: 171.2 MB.
System memory in use after: 171.4 MB.

Unloading 20 unused Assets to reduce memory usage. Loaded Objects now: 3748.
Total: 13.271700 ms (FindLiveObjects: 1.808400 ms CreateObjectMapping: 0.448400 ms MarkObjects: 10.876400 ms  DeleteObjects: 0.129000 ms)

========================================================================
Received Prepare
Registering precompiled user dll's ...
Registered in 0.049251 seconds.
Begin MonoManager ReloadAssembly
Native extension for WindowsStandalone target not found
Refreshing native plugins compatible for Editor in 1.49 ms, found 2 plugins.
Preloading 0 native plugins for Editor in 0.00 ms.
Mono: successfully reloaded assembly
- Completed reload, in 22.083 seconds
Platform modules already initialized, skipping
Shader 'Universal Render Pipeline/Particles/Lit': fallback shader 'Universal Render Pipeline/Particles/SimpleLit' not found
Refreshing native plugins compatible for Editor in 1.47 ms, found 2 plugins.
Preloading 0 native plugins for Editor in 0.00 ms.
Unloading 2893 Unused Serialized files (Serialized files now loaded: 0)
System memory in use before: 171.2 MB.
System memory in use after: 171.4 MB.

Unloading 20 unused Assets to reduce memory usage. Loaded Objects now: 3751.
Total: 20.863100 ms (FindLiveObjects: 1.282500 ms CreateObjectMapping: 0.399500 ms MarkObjects: 19.082800 ms  DeleteObjects: 0.094700 ms)

========================================================================
Received Prepare
Registering precompiled user dll's ...
Registered in 0.008837 seconds.
Begin MonoManager ReloadAssembly
Native extension for WindowsStandalone target not found
Refreshing native plugins compatible for Editor in 1.60 ms, found 2 plugins.
Preloading 0 native plugins for Editor in 0.00 ms.
Mono: successfully reloaded assembly
- Completed reload, in 22.307 seconds
Platform modules already initialized, skipping
Shader 'Universal Render Pipeline/Particles/Lit': fallback shader 'Universal Render Pipeline/Particles/SimpleLit' not found
Refreshing native plugins compatible for Editor in 1.38 ms, found 2 plugins.
Preloading 0 native plugins for Editor in 0.00 ms.
Unloading 2893 Unused Serialized files (Serialized files now loaded: 0)
System memory in use before: 171.2 MB.
System memory in use after: 171.5 MB.

Unloading 20 unused Assets to reduce memory usage. Loaded Objects now: 3754.
Total: 7.998100 ms (FindLiveObjects: 2.005700 ms CreateObjectMapping: 0.392200 ms MarkObjects: 5.534500 ms  DeleteObjects: 0.062400 ms)

========================================================================
Received Prepare
Registering precompiled user dll's ...
Registered in 0.008100 seconds.
Begin MonoManager ReloadAssembly
Native extension for WindowsStandalone target not found
Refreshing native plugins compatible for Editor in 1.39 ms, found 2 plugins.
Preloading 0 native plugins for Editor in 0.00 ms.
Mono: successfully reloaded assembly
- Completed reload, in 12.240 seconds
Platform modules already initialized, skipping
Shader 'Universal Render Pipeline/Particles/Lit': fallback shader 'Universal Render Pipeline/Particles/SimpleLit' not found
Refreshing native plugins compatible for Editor in 1.67 ms, found 2 plugins.
Preloading 0 native plugins for Editor in 0.00 ms.
Unloading 2893 Unused Serialized files (Serialized files now loaded: 0)
System memory in use before: 171.3 MB.
System memory in use after: 171.5 MB.

Unloading 20 unused Assets to reduce memory usage. Loaded Objects now: 3757.
Total: 7.267500 ms (FindLiveObjects: 0.993100 ms CreateObjectMapping: 0.660600 ms MarkObjects: 5.555600 ms  DeleteObjects: 0.054800 ms)

========================================================================
Received Prepare
Registering precompiled user dll's ...
Registered in 0.007586 seconds.
Begin MonoManager ReloadAssembly
Native extension for WindowsStandalone target not found
Refreshing native plugins compatible for Editor in 1.41 ms, found 2 plugins.
Preloading 0 native plugins for Editor in 0.00 ms.
Mono: successfully reloaded assembly
- Completed reload, in  3.899 seconds
Platform modules already initialized, skipping
Shader 'Universal Render Pipeline/Particles/Lit': fallback shader 'Universal Render Pipeline/Particles/SimpleLit' not found
Refreshing native plugins compatible for Editor in 1.61 ms, found 2 plugins.
Preloading 0 native plugins for Editor in 0.00 ms.
Unloading 2893 Unused Serialized files (Serialized files now loaded: 0)
System memory in use before: 171.3 MB.
System memory in use after: 171.5 MB.

Unloading 20 unused Assets to reduce memory usage. Loaded Objects now: 3760.
Total: 8.890900 ms (FindLiveObjects: 1.345000 ms CreateObjectMapping: 0.723000 ms MarkObjects: 6.762300 ms  DeleteObjects: 0.057300 ms)

========================================================================
Received Prepare
Registering precompiled user dll's ...
Registered in 0.008448 seconds.
Begin MonoManager ReloadAssembly
Native extension for WindowsStandalone target not found
Refreshing native plugins compatible for Editor in 1.48 ms, found 2 plugins.
Preloading 0 native plugins for Editor in 0.00 ms.
Mono: successfully reloaded assembly
- Completed reload, in  2.822 seconds
Platform modules already initialized, skipping
Shader 'Universal Render Pipeline/Particles/Lit': fallback shader 'Universal Render Pipeline/Particles/SimpleLit' not found
Refreshing native plugins compatible for Editor in 1.39 ms, found 2 plugins.
Preloading 0 native plugins for Editor in 0.00 ms.
Unloading 2893 Unused Serialized files (Serialized files now loaded: 0)
System memory in use before: 171.3 MB.
System memory in use after: 171.6 MB.

Unloading 20 unused Assets to reduce memory usage. Loaded Objects now: 3763.
Total: 6.938300 ms (FindLiveObjects: 0.942600 ms CreateObjectMapping: 0.334700 ms MarkObjects: 5.601700 ms  DeleteObjects: 0.056300 ms)

========================================================================
Received Prepare
Registering precompiled user dll's ...
Registered in 0.790056 seconds.
Begin MonoManager ReloadAssembly
Native extension for WindowsStandalone target not found
Refreshing native plugins compatible for Editor in 7.62 ms, found 2 plugins.
Preloading 0 native plugins for Editor in 0.00 ms.
Mono: successfully reloaded assembly
- Completed reload, in 23.653 seconds
Platform modules already initialized, skipping
Shader 'Universal Render Pipeline/Particles/Lit': fallback shader 'Universal Render Pipeline/Particles/SimpleLit' not found
Refreshing native plugins compatible for Editor in 1.48 ms, found 2 plugins.
Preloading 0 native plugins for Editor in 0.00 ms.
Unloading 2893 Unused Serialized files (Serialized files now loaded: 0)
System memory in use before: 171.4 MB.
System memory in use after: 171.6 MB.

Unloading 20 unused Assets to reduce memory usage. Loaded Objects now: 3766.
Total: 43.120300 ms (FindLiveObjects: 1.043900 ms CreateObjectMapping: 0.366000 ms MarkObjects: 41.641100 ms  DeleteObjects: 0.065800 ms)

========================================================================
Received Prepare
Registering precompiled user dll's ...
Registered in 0.009483 seconds.
Begin MonoManager ReloadAssembly
Native extension for WindowsStandalone target not found
Refreshing native plugins compatible for Editor in 1.75 ms, found 2 plugins.
Preloading 0 native plugins for Editor in 0.00 ms.
Mono: successfully reloaded assembly
- Completed reload, in 14.470 seconds
Platform modules already initialized, skipping
Shader 'Universal Render Pipeline/Particles/Lit': fallback shader 'Universal Render Pipeline/Particles/SimpleLit' not found
Refreshing native plugins compatible for Editor in 603.60 ms, found 2 plugins.
Preloading 0 native plugins for Editor in 0.00 ms.
Unloading 2893 Unused Serialized files (Serialized files now loaded: 0)
System memory in use before: 171.4 MB.
System memory in use after: 171.6 MB.

Unloading 20 unused Assets to reduce memory usage. Loaded Objects now: 3769.
Total: 9.925200 ms (FindLiveObjects: 1.315500 ms CreateObjectMapping: 0.504200 ms MarkObjects: 8.013300 ms  DeleteObjects: 0.054900 ms)

========================================================================
Received Prepare
Registering precompiled user dll's ...
Registered in 0.009513 seconds.
Begin MonoManager ReloadAssembly
Native extension for WindowsStandalone target not found
Refreshing native plugins compatible for Editor in 1.51 ms, found 2 plugins.
Preloading 0 native plugins for Editor in 0.00 ms.
Mono: successfully reloaded assembly
- Completed reload, in  3.542 seconds
Platform modules already initialized, skipping
Shader 'Universal Render Pipeline/Particles/Lit': fallback shader 'Universal Render Pipeline/Particles/SimpleLit' not found
Refreshing native plugins compatible for Editor in 2.44 ms, found 2 plugins.
Preloading 0 native plugins for Editor in 0.00 ms.
Unloading 2893 Unused Serialized files (Serialized files now loaded: 0)
System memory in use before: 171.4 MB.
System memory in use after: 171.7 MB.

Unloading 20 unused Assets to reduce memory usage. Loaded Objects now: 3772.
Total: 9.094100 ms (FindLiveObjects: 1.793900 ms CreateObjectMapping: 0.644900 ms MarkObjects: 6.589000 ms  DeleteObjects: 0.062800 ms)

========================================================================
Received Import Request.
  Time since last request: 2622.771385 seconds.
  path: Assets/Tex/UI/icons.png
  artifactKey: Guid(fea3332fe1ab65648be730ea46221d99) Importer(815301076,1909f56bfc062723c751e8b465ee728b)
Start importing Assets/Tex/UI/icons.png using Guid(fea3332fe1ab65648be730ea46221d99) Importer(815301076,1909f56bfc062723c751e8b465ee728b)  -> (artifact id: 'a9907d4a7995f054785db09f100cdde6') in 10.827545 seconds
  Import took 11.635645 seconds .

========================================================================
Received Import Request.
  Time since last request: 14.704835 seconds.
  path: Assets/Tex/UI/icons.png
  artifactKey: Guid(fea3332fe1ab65648be730ea46221d99) Importer(815301076,1909f56bfc062723c751e8b465ee728b)
Start importing Assets/Tex/UI/icons.png using Guid(fea3332fe1ab65648be730ea46221d99) Importer(815301076,1909f56bfc062723c751e8b465ee728b)  -> (artifact id: 'a9907d4a7995f054785db09f100cdde6') in 0.092577 seconds
  Import took 0.200786 seconds .

========================================================================
Received Import Request.
  Time since last request: 11.255118 seconds.
  path: Assets/Tex/UI/icons.png
  artifactKey: Guid(fea3332fe1ab65648be730ea46221d99) Importer(815301076,1909f56bfc062723c751e8b465ee728b)
Start importing Assets/Tex/UI/icons.png using Guid(fea3332fe1ab65648be730ea46221d99) Importer(815301076,1909f56bfc062723c751e8b465ee728b)  -> (artifact id: 'f78937824290ec6aaf5623422a37bb0e') in 1.102076 seconds
  Import took 1.198097 seconds .

========================================================================
Received Import Request.
  Time since last request: 17.534983 seconds.
  path: Assets/Tex/UI/icons.png
  artifactKey: Guid(fea3332fe1ab65648be730ea46221d99) Importer(815301076,1909f56bfc062723c751e8b465ee728b)
Start importing Assets/Tex/UI/icons.png using Guid(fea3332fe1ab65648be730ea46221d99) Importer(815301076,1909f56bfc062723c751e8b465ee728b)  -> (artifact id: '30fe0b18f338550cc45f96176b90cd28') in 0.170360 seconds
  Import took 0.230267 seconds .

========================================================================
Received Import Request.
  Time since last request: 20.202062 seconds.
  path: Assets/Tex/UI/icons.png
  artifactKey: Guid(fea3332fe1ab65648be730ea46221d99) Importer(815301076,1909f56bfc062723c751e8b465ee728b)
Start importing Assets/Tex/UI/icons.png using Guid(fea3332fe1ab65648be730ea46221d99) Importer(815301076,1909f56bfc062723c751e8b465ee728b)  -> (artifact id: '55f2fcd9dc8db494a2f949bb4434dd2c') in 0.835640 seconds
  Import took 0.978183 seconds .

========================================================================
Received Import Request.
  Time since last request: 39.370386 seconds.
  path: Assets/Tex/UI/icons.png
  artifactKey: Guid(fea3332fe1ab65648be730ea46221d99) Importer(815301076,1909f56bfc062723c751e8b465ee728b)
Start importing Assets/Tex/UI/icons.png using Guid(fea3332fe1ab65648be730ea46221d99) Importer(815301076,1909f56bfc062723c751e8b465ee728b)  -> (artifact id: '76221bde256b7d41292fe5c8f2d7a752') in 0.132853 seconds
  Import took 0.352778 seconds .

========================================================================
Received Import Request.
  Time since last request: 283.256212 seconds.
  path: Assets/Tex/UI/icons.png
  artifactKey: Guid(fea3332fe1ab65648be730ea46221d99) Importer(815301076,1909f56bfc062723c751e8b465ee728b)
Start importing Assets/Tex/UI/icons.png using Guid(fea3332fe1ab65648be730ea46221d99) Importer(815301076,1909f56bfc062723c751e8b465ee728b)  -> (artifact id: '4006fb2b4e7186f08e05ef1e82293f1a') in 0.448542 seconds
  Import took 0.560111 seconds .

========================================================================
Received Prepare
Registering precompiled user dll's ...
Registered in 0.247034 seconds.
Begin MonoManager ReloadAssembly
Native extension for WindowsStandalone target not found
Refreshing native plugins compatible for Editor in 1.41 ms, found 2 plugins.
Preloading 0 native plugins for Editor in 0.00 ms.
Mono: successfully reloaded assembly
- Completed reload, in  2.996 seconds
Platform modules already initialized, skipping
Shader 'Universal Render Pipeline/Particles/Lit': fallback shader 'Universal Render Pipeline/Particles/SimpleLit' not found
Refreshing native plugins compatible for Editor in 1.56 ms, found 2 plugins.
Preloading 0 native plugins for Editor in 0.00 ms.
Unloading 2893 Unused Serialized files (Serialized files now loaded: 0)
System memory in use before: 171.5 MB.
System memory in use after: 171.7 MB.

Unloading 20 unused Assets to reduce memory usage. Loaded Objects now: 3780.
Total: 6.952200 ms (FindLiveObjects: 1.016800 ms CreateObjectMapping: 0.338600 ms MarkObjects: 5.506300 ms  DeleteObjects: 0.086500 ms)

========================================================================
Received Prepare
Registering precompiled user dll's ...
Registered in 0.009458 seconds.
Begin MonoManager ReloadAssembly
Native extension for WindowsStandalone target not found
Refreshing native plugins compatible for Editor in 1.93 ms, found 2 plugins.
Preloading 0 native plugins for Editor in 0.00 ms.
Mono: successfully reloaded assembly
- Completed reload, in  9.870 seconds
Platform modules already initialized, skipping
Shader 'Universal Render Pipeline/Particles/Lit': fallback shader 'Universal Render Pipeline/Particles/SimpleLit' not found
Refreshing native plugins compatible for Editor in 1.47 ms, found 2 plugins.
Preloading 0 native plugins for Editor in 0.00 ms.
Unloading 2893 Unused Serialized files (Serialized files now loaded: 0)
System memory in use before: 171.5 MB.
System memory in use after: 171.8 MB.

Unloading 20 unused Assets to reduce memory usage. Loaded Objects now: 3783.
Total: 10.192900 ms (FindLiveObjects: 1.432600 ms CreateObjectMapping: 0.391500 ms MarkObjects: 8.301700 ms  DeleteObjects: 0.063000 ms)

