Using pre-set license
Built from '2020.3/staging' branch; Version is '2020.3.10f1 (297d780c91bc) revision 2719096'; Using compiler version '192528614'; Build Type 'Release'
OS: 'Windows 10 Pro; OS build 19042.1052; Version 2009; 64bit' Language: 'ru' Physical Memory: 8190 MB
BatchMode: 1, IsHumanControllingUs: 0, StartBugReporterOnCrash: 0, Is64bit: 1, IsPro: 0

 COMMAND LINE ARGUMENTS:
E:\UNITYEDITORS\2020.3.10f1\Editor\Unity.exe
-adb2
-batchMode
-noUpm
-name
AssetImportWorker0
-projectPath
D:/Unity Projects/Island-Survival
-logFile
Logs/AssetImportWorker0.log
-srvPort
58346
Successfully changed project path to: D:/Unity Projects/Island-Survival
D:/Unity Projects/Island-Survival
Using Asset Import Pipeline V2.
Refreshing native plugins compatible for Editor in 224.25 ms, found 2 plugins.
Preloading 0 native plugins for Editor in 0.00 ms.
Initialize engine version: 2020.3.10f1 (297d780c91bc)
[Subsystems] Discovering subsystems at path E:/UNITYEDITORS/2020.3.10f1/Editor/Data/Resources/UnitySubsystems
[Subsystems] Discovering subsystems at path D:/Unity Projects/Island-Survival/Assets
GfxDevice: creating device client; threaded=0
Direct3D:
    Version:  Direct3D 11.0 [level 11.0]
    Renderer: AMD Radeon HD 6700 Series (ID=0x68ba)
    Vendor:   
    VRAM:     1010 MB
    Driver:   15.201.1151.1008
Shader 'Universal Render Pipeline/Particles/Lit': fallback shader 'Universal Render Pipeline/Particles/SimpleLit' not found
Initialize mono
Mono path[0] = 'E:/UNITYEDITORS/2020.3.10f1/Editor/Data/Managed'
Mono path[1] = 'E:/UNITYEDITORS/2020.3.10f1/Editor/Data/MonoBleedingEdge/lib/mono/unityjit'
Mono config path = 'E:/UNITYEDITORS/2020.3.10f1/Editor/Data/MonoBleedingEdge/etc'
Using monoOptions --debugger-agent=transport=dt_socket,embedding=1,server=y,suspend=n,address=127.0.0.1:56060
Begin MonoManager ReloadAssembly
Registering precompiled unity dll's ...
Register platform support module: E:/UNITYEDITORS/2020.3.10f1/Editor/Data/PlaybackEngines/WindowsStandaloneSupport/UnityEditor.WindowsStandalone.Extensions.dll
Registered in 0.003198 seconds.
Native extension for WindowsStandalone target not found
Refreshing native plugins compatible for Editor in 160.09 ms, found 2 plugins.
Preloading 0 native plugins for Editor in 0.00 ms.
Mono: successfully reloaded assembly
- Completed reload, in  7.854 seconds
Platform modules already initialized, skipping
Registering precompiled user dll's ...
Registered in 0.006571 seconds.
Begin MonoManager ReloadAssembly
Native extension for WindowsStandalone target not found
Refreshing native plugins compatible for Editor in 217.50 ms, found 2 plugins.
Preloading 0 native plugins for Editor in 0.00 ms.
Mono: successfully reloaded assembly
- Completed reload, in  4.965 seconds
Platform modules already initialized, skipping
========================================================================
Worker process is ready to serve import requests
Shader 'Universal Render Pipeline/Particles/Lit': fallback shader 'Universal Render Pipeline/Particles/SimpleLit' not found
Launched and connected shader compiler UnityShaderCompiler.exe after 0.29 seconds
Refreshing native plugins compatible for Editor in 1.21 ms, found 2 plugins.
Preloading 0 native plugins for Editor in 0.00 ms.
Unloading 2866 Unused Serialized files (Serialized files now loaded: 0)
System memory in use before: 134.4 MB.
System memory in use after: 134.6 MB.

Unloading 19 unused Assets to reduce memory usage. Loaded Objects now: 3308.
Total: 10.507100 ms (FindLiveObjects: 0.859700 ms CreateObjectMapping: 0.277800 ms MarkObjects: 6.891800 ms  DeleteObjects: 2.474000 ms)

========================================================================
Received Import Request.
  path: Assets/Tex/Grass.png
  artifactKey: Guid(10f80de266406d9419a99c77440f344d) Importer(815301076,1909f56bfc062723c751e8b465ee728b)
Start importing Assets/Tex/Grass.png using Guid(10f80de266406d9419a99c77440f344d) Importer(815301076,1909f56bfc062723c751e8b465ee728b)  -> (artifact id: '73ee5d6035e49665a6cfda7be9954a1d') in 0.484974 seconds
  Import took 0.521822 seconds .

========================================================================
Received Import Request.
  Time since last request: 104.280567 seconds.
  path: Assets/StylizedWater2/_Demo/DemoAssets/Materials/Textures/GrassBillboard.png
  artifactKey: Guid(30fd814816d861e4b8de1a2489667395) Importer(815301076,1909f56bfc062723c751e8b465ee728b)
Start importing Assets/StylizedWater2/_Demo/DemoAssets/Materials/Textures/GrassBillboard.png using Guid(30fd814816d861e4b8de1a2489667395) Importer(815301076,1909f56bfc062723c751e8b465ee728b)  -> (artifact id: 'cc300282c98e9a6551f6d5e2746d76ff') in 0.308215 seconds
  Import took 0.336465 seconds .

========================================================================
Received Import Request.
  Time since last request: 0.000462 seconds.
  path: Assets/StylizedWater2/_Demo/DemoAssets/Terrain/SWS_DemoSand.png
  artifactKey: Guid(7f44820bdfbfb424cae4398c7cdf2a36) Importer(815301076,1909f56bfc062723c751e8b465ee728b)
Start importing Assets/StylizedWater2/_Demo/DemoAssets/Terrain/SWS_DemoSand.png using Guid(7f44820bdfbfb424cae4398c7cdf2a36) Importer(815301076,1909f56bfc062723c751e8b465ee728b)  -> (artifact id: '4ec9725ed765eef96e171411e66ba7d5') in 0.279350 seconds
  Import took 0.311085 seconds .

========================================================================
Received Import Request.
  Time since last request: 0.007410 seconds.
  path: Assets/StylizedWater2/_Demo/DemoAssets/Terrain/SWS_DemoSeaweed.png
  artifactKey: Guid(28c23876801095c43b09be0c71ad7ddf) Importer(815301076,1909f56bfc062723c751e8b465ee728b)
Start importing Assets/StylizedWater2/_Demo/DemoAssets/Terrain/SWS_DemoSeaweed.png using Guid(28c23876801095c43b09be0c71ad7ddf) Importer(815301076,1909f56bfc062723c751e8b465ee728b)  -> (artifact id: '2de64bc2d6a7e204ccb7dd6d140bbb53') in 0.102280 seconds
  Import took 0.123425 seconds .

========================================================================
Received Import Request.
  Time since last request: 0.000652 seconds.
  path: Assets/StylizedWater2/_Demo/DemoAssets/Materials/Textures/SWS_LogRaft_Diffuse.png
  artifactKey: Guid(97488ae44b350d34c91f98d54c358dc7) Importer(815301076,1909f56bfc062723c751e8b465ee728b)
Start importing Assets/StylizedWater2/_Demo/DemoAssets/Materials/Textures/SWS_LogRaft_Diffuse.png using Guid(97488ae44b350d34c91f98d54c358dc7) Importer(815301076,1909f56bfc062723c751e8b465ee728b)  -> (artifact id: 'db5700288d3be1045c2bb6e81c88f195') in 0.094079 seconds
  Import took 0.103410 seconds .

========================================================================
Received Import Request.
  Time since last request: 0.000859 seconds.
  path: Assets/Tex/sand.jpg
  artifactKey: Guid(cc61842f20d033e4ebcdc16a806a07ba) Importer(815301076,1909f56bfc062723c751e8b465ee728b)
Start importing Assets/Tex/sand.jpg using Guid(cc61842f20d033e4ebcdc16a806a07ba) Importer(815301076,1909f56bfc062723c751e8b465ee728b)  -> (artifact id: '2198d0b60c48e146ce850d0764a134a9') in 0.072951 seconds
  Import took 0.099965 seconds .

========================================================================
Received Import Request.
  Time since last request: 0.000405 seconds.
  path: Assets/StylizedWater2/_Demo/DemoAssets/Terrain/SWS_DemoGrass.png
  artifactKey: Guid(895a882de93815b449eadf074b4e6a4d) Importer(815301076,1909f56bfc062723c751e8b465ee728b)
Start importing Assets/StylizedWater2/_Demo/DemoAssets/Terrain/SWS_DemoGrass.png using Guid(895a882de93815b449eadf074b4e6a4d) Importer(815301076,1909f56bfc062723c751e8b465ee728b)  -> (artifact id: 'cb61b9e8a4bce69c2f33979e0ae7c8d5') in 0.108731 seconds
  Import took 0.120276 seconds .

========================================================================
Received Import Request.
  Time since last request: 0.000432 seconds.
  path: Assets/StylizedWater2/Materials/Textures/IntersectionNoise.png
  artifactKey: Guid(b8850342fb8b1e846ac3807e35ec1685) Importer(815301076,1909f56bfc062723c751e8b465ee728b)
Start importing Assets/StylizedWater2/Materials/Textures/IntersectionNoise.png using Guid(b8850342fb8b1e846ac3807e35ec1685) Importer(815301076,1909f56bfc062723c751e8b465ee728b)  -> (artifact id: '05e5920d93be47c1a7b3d9c11af93c32') in 0.130170 seconds
  Import took 0.146361 seconds .

========================================================================
Received Import Request.
  Time since last request: 0.000443 seconds.
  path: Assets/StylizedWater2/_Demo/DemoAssets/Terrain/SWS_DemoRock_Normals.png
  artifactKey: Guid(8684ed27e15d2f243a478c3f9b955ace) Importer(815301076,1909f56bfc062723c751e8b465ee728b)
Start importing Assets/StylizedWater2/_Demo/DemoAssets/Terrain/SWS_DemoRock_Normals.png using Guid(8684ed27e15d2f243a478c3f9b955ace) Importer(815301076,1909f56bfc062723c751e8b465ee728b)  -> (artifact id: 'ca55a4e77ad9b759727ae90f24dd2337') in 0.173675 seconds
  Import took 0.202116 seconds .

========================================================================
Received Import Request.
  Time since last request: 0.000471 seconds.
  path: Assets/StylizedWater2/_Demo/DemoAssets/Terrain/SWS_DemoSand_Normals.png
  artifactKey: Guid(5545ac16cc3c78c42af6f52b426c83fe) Importer(815301076,1909f56bfc062723c751e8b465ee728b)
Start importing Assets/StylizedWater2/_Demo/DemoAssets/Terrain/SWS_DemoSand_Normals.png using Guid(5545ac16cc3c78c42af6f52b426c83fe) Importer(815301076,1909f56bfc062723c751e8b465ee728b)  -> (artifact id: '0fee20bb2cd1f2a92860202e88a8b4e8') in 0.154013 seconds
  Import took 0.164935 seconds .

========================================================================
Received Import Request.
  Time since last request: 0.000125 seconds.
  path: Assets/StylizedWater2/Materials/Textures/SWS_Foam1.png
  artifactKey: Guid(6a4aa5aa1ed7b9e4e9204a95f56f4d29) Importer(815301076,1909f56bfc062723c751e8b465ee728b)
Start importing Assets/StylizedWater2/Materials/Textures/SWS_Foam1.png using Guid(6a4aa5aa1ed7b9e4e9204a95f56f4d29) Importer(815301076,1909f56bfc062723c751e8b465ee728b)  -> (artifact id: 'c74178d774c3de7c44dc8ba5c2b5efbd') in 0.101479 seconds
  Import took 0.125650 seconds .

========================================================================
Received Import Request.
  Time since last request: 0.000422 seconds.
  path: Assets/StylizedWater2/_Demo/DemoAssets/Terrain/SWS_DemoTerrain.asset
  artifactKey: Guid(27e552baeb4249546b83bc7a3a4b2bc6) Importer(815301076,1909f56bfc062723c751e8b465ee728b)
Start importing Assets/StylizedWater2/_Demo/DemoAssets/Terrain/SWS_DemoTerrain.asset using Guid(27e552baeb4249546b83bc7a3a4b2bc6) Importer(815301076,1909f56bfc062723c751e8b465ee728b)  -> (artifact id: '53da944b34bd290bb0490905d7d1e700') in 0.311738 seconds
  Import took 0.356219 seconds .

========================================================================
Received Import Request.
  Time since last request: 0.000420 seconds.
  path: Assets/StylizedWater2/_Demo/DemoAssets/Materials/Textures/SWS_LogRaft_Normals.png
  artifactKey: Guid(87a8255832743d74696879a46abfd098) Importer(815301076,1909f56bfc062723c751e8b465ee728b)
Start importing Assets/StylizedWater2/_Demo/DemoAssets/Materials/Textures/SWS_LogRaft_Normals.png using Guid(87a8255832743d74696879a46abfd098) Importer(815301076,1909f56bfc062723c751e8b465ee728b)  -> (artifact id: 'cfa65b3c656bcfe3efbbd3691b3d1ced') in 0.075868 seconds
  Import took 0.128282 seconds .

========================================================================
Received Import Request.
  Time since last request: 0.005738 seconds.
  path: Assets/StylizedWater2/_Demo/DemoAssets/Materials/Textures/SWS_DemoPalmBranch.png
  artifactKey: Guid(c5fc952321ec0c04a82fd6fa7f692685) Importer(815301076,1909f56bfc062723c751e8b465ee728b)
Start importing Assets/StylizedWater2/_Demo/DemoAssets/Materials/Textures/SWS_DemoPalmBranch.png using Guid(c5fc952321ec0c04a82fd6fa7f692685) Importer(815301076,1909f56bfc062723c751e8b465ee728b)  -> (artifact id: '5e7d2070627ae678914a8a3673e25587') in 0.096148 seconds
  Import took 0.106668 seconds .

========================================================================
Received Import Request.
  Time since last request: 0.000450 seconds.
  path: Assets/StylizedWater2/_Demo/DemoAssets/SWS_LUT_v2.psd
  artifactKey: Guid(dfdd87309859333458232217f76fc455) Importer(815301076,1909f56bfc062723c751e8b465ee728b)
Start importing Assets/StylizedWater2/_Demo/DemoAssets/SWS_LUT_v2.psd using Guid(dfdd87309859333458232217f76fc455) Importer(815301076,1909f56bfc062723c751e8b465ee728b)  -> (artifact id: 'ba839be0575a4525e6063646752a368d') in 0.154960 seconds
  Import took 0.177486 seconds .

========================================================================
Received Import Request.
  Time since last request: 0.000507 seconds.
  path: Assets/StylizedWater2/Materials/Textures/SmoothWaves.png
  artifactKey: Guid(ec6f0adef15b52448a82f3f183525d84) Importer(815301076,1909f56bfc062723c751e8b465ee728b)
Start importing Assets/StylizedWater2/Materials/Textures/SmoothWaves.png using Guid(ec6f0adef15b52448a82f3f183525d84) Importer(815301076,1909f56bfc062723c751e8b465ee728b)  -> (artifact id: '09b471da304488215baed130e75ac0e5') in 0.160052 seconds
  Import took 0.169812 seconds .

========================================================================
Received Import Request.
  Time since last request: 0.000436 seconds.
  path: Assets/StylizedWater2/Materials/Textures/SWS_Caustics2.png
  artifactKey: Guid(36b7496f7c0078b49a44468d3e120e62) Importer(815301076,1909f56bfc062723c751e8b465ee728b)
Start importing Assets/StylizedWater2/Materials/Textures/SWS_Caustics2.png using Guid(36b7496f7c0078b49a44468d3e120e62) Importer(815301076,1909f56bfc062723c751e8b465ee728b)  -> (artifact id: '6812b317a56c5b3c12d6af3259c4ff9d') in 0.102003 seconds
  Import took 0.122534 seconds .

========================================================================
Received Import Request.
  Time since last request: 0.000475 seconds.
  path: Assets/StylizedWater2/_Demo/DemoAssets/Materials/Textures/SWS_Cliff_Albedo.png
  artifactKey: Guid(4308f1ccae5695f4c89f930f8fb924dc) Importer(815301076,1909f56bfc062723c751e8b465ee728b)
Start importing Assets/StylizedWater2/_Demo/DemoAssets/Materials/Textures/SWS_Cliff_Albedo.png using Guid(4308f1ccae5695f4c89f930f8fb924dc) Importer(815301076,1909f56bfc062723c751e8b465ee728b)  -> (artifact id: 'b740dac29413aeb0536336179c083b93') in 0.094920 seconds
  Import took 0.114569 seconds .

========================================================================
Received Import Request.
  Time since last request: 0.000485 seconds.
  path: Assets/StylizedWater2/_Demo/DemoAssets/Terrain/SWS_DemoSeaweed_MaskMap.png
  artifactKey: Guid(548cb0687b9705d47a7a2a4846203837) Importer(815301076,1909f56bfc062723c751e8b465ee728b)
Start importing Assets/StylizedWater2/_Demo/DemoAssets/Terrain/SWS_DemoSeaweed_MaskMap.png using Guid(548cb0687b9705d47a7a2a4846203837) Importer(815301076,1909f56bfc062723c751e8b465ee728b)  -> (artifact id: 'd4b8d1047b7b8cf9fda9c39f86354a48') in 0.093999 seconds
  Import took 0.118246 seconds .

========================================================================
Received Import Request.
  Time since last request: 0.008646 seconds.
  path: Assets/StylizedWater2/_Demo/DemoAssets/Terrain/SWS_DemoRock.png
  artifactKey: Guid(5f5d1d3e71df62f45b0855bce5cfd35a) Importer(815301076,1909f56bfc062723c751e8b465ee728b)
Start importing Assets/StylizedWater2/_Demo/DemoAssets/Terrain/SWS_DemoRock.png using Guid(5f5d1d3e71df62f45b0855bce5cfd35a) Importer(815301076,1909f56bfc062723c751e8b465ee728b)  -> (artifact id: 'c5e5470b7a46505b66eda3132c163849') in 0.068751 seconds
  Import took 0.090197 seconds .

========================================================================
Received Import Request.
  Time since last request: 0.000429 seconds.
  path: Assets/StylizedWater2/_Demo/DemoAssets/Terrain/SWS_DemoRiverTerrain.asset
  artifactKey: Guid(b78f7e646c20df44080c0b79a047bf01) Importer(815301076,1909f56bfc062723c751e8b465ee728b)
Start importing Assets/StylizedWater2/_Demo/DemoAssets/Terrain/SWS_DemoRiverTerrain.asset using Guid(b78f7e646c20df44080c0b79a047bf01) Importer(815301076,1909f56bfc062723c751e8b465ee728b)  -> (artifact id: 'f18d95fcb7a6f85863068496325fca17') in 0.110700 seconds
  Import took 0.138201 seconds .

========================================================================
Received Import Request.
  Time since last request: 0.000358 seconds.
  path: Assets/StylizedWater2/_Demo/DemoAssets/Materials/Textures/SWS_DemoBarrelDiffuse.png
  artifactKey: Guid(ead12393b02b18e4390dffc4f355fa51) Importer(815301076,1909f56bfc062723c751e8b465ee728b)
Start importing Assets/StylizedWater2/_Demo/DemoAssets/Materials/Textures/SWS_DemoBarrelDiffuse.png using Guid(ead12393b02b18e4390dffc4f355fa51) Importer(815301076,1909f56bfc062723c751e8b465ee728b)  -> (artifact id: 'd93e36d7703de95c27a334d040ae1859') in 0.096782 seconds
  Import took 0.105409 seconds .

========================================================================
Received Import Request.
  Time since last request: 0.000484 seconds.
  path: Assets/StylizedWater2/_Demo/DemoAssets/Terrain/SWS_DemoRiverBed_Normals.png
  artifactKey: Guid(d03ea46acdfe7b044a215a7178787e3c) Importer(815301076,1909f56bfc062723c751e8b465ee728b)
Start importing Assets/StylizedWater2/_Demo/DemoAssets/Terrain/SWS_DemoRiverBed_Normals.png using Guid(d03ea46acdfe7b044a215a7178787e3c) Importer(815301076,1909f56bfc062723c751e8b465ee728b)  -> (artifact id: '196f8a821270095a8368d2189da7dc08') in 0.089059 seconds
  Import took 0.142700 seconds .

========================================================================
Received Import Request.
  Time since last request: 0.000425 seconds.
  path: Assets/StylizedWater2/Materials/Textures/SWS_Foam2.png
  artifactKey: Guid(0ff9da63433ff044ba94d59ff31bbe11) Importer(815301076,1909f56bfc062723c751e8b465ee728b)
Start importing Assets/StylizedWater2/Materials/Textures/SWS_Foam2.png using Guid(0ff9da63433ff044ba94d59ff31bbe11) Importer(815301076,1909f56bfc062723c751e8b465ee728b)  -> (artifact id: '8b9f95e7df5717ba29126d32af8bce8a') in 0.105399 seconds
  Import took 0.129226 seconds .

========================================================================
Received Import Request.
  Time since last request: 0.001211 seconds.
  path: Assets/StylizedWater2/_Demo/DemoAssets/Materials/Textures/SWS_Cliff_Normals.png
  artifactKey: Guid(4f470112619c00b4a871fba51c907bca) Importer(815301076,1909f56bfc062723c751e8b465ee728b)
Start importing Assets/StylizedWater2/_Demo/DemoAssets/Materials/Textures/SWS_Cliff_Normals.png using Guid(4f470112619c00b4a871fba51c907bca) Importer(815301076,1909f56bfc062723c751e8b465ee728b)  -> (artifact id: 'f24a14fdc0c89df48701c7fcca48ce6d') in 0.136910 seconds
  Import took 0.146348 seconds .

========================================================================
Received Import Request.
  Time since last request: 0.000446 seconds.
  path: Assets/StylizedWater2/_Demo/DemoAssets/Terrain/SWS_DemoRock_MaskMap.png
  artifactKey: Guid(0ce3f2228ad6082459b03d7793631d6e) Importer(815301076,1909f56bfc062723c751e8b465ee728b)
Start importing Assets/StylizedWater2/_Demo/DemoAssets/Terrain/SWS_DemoRock_MaskMap.png using Guid(0ce3f2228ad6082459b03d7793631d6e) Importer(815301076,1909f56bfc062723c751e8b465ee728b)  -> (artifact id: '1e3baf5a1fceca8e6af8e7eefd0ff8d5') in 0.111932 seconds
  Import took 0.138512 seconds .

========================================================================
Received Import Request.
  Time since last request: 0.000102 seconds.
  path: Assets/StylizedWater2/_Demo/DemoAssets/Materials/Textures/Shrub_BranchCluster.png
  artifactKey: Guid(4409ba6255cc9ec49a73df0413762698) Importer(815301076,1909f56bfc062723c751e8b465ee728b)
Start importing Assets/StylizedWater2/_Demo/DemoAssets/Materials/Textures/Shrub_BranchCluster.png using Guid(4409ba6255cc9ec49a73df0413762698) Importer(815301076,1909f56bfc062723c751e8b465ee728b)  -> (artifact id: '017c13f05bb500a37fb0ef8060debee4') in 0.102158 seconds
  Import took 0.114721 seconds .

========================================================================
Received Import Request.
  Time since last request: 0.001484 seconds.
  path: Assets/StylizedWater2/_Demo/DemoAssets/Materials/SWS_DemoSkybox.png
  artifactKey: Guid(1f797d971ea65804ca7255fd1068f4c5) Importer(815301076,1909f56bfc062723c751e8b465ee728b)
Start importing Assets/StylizedWater2/_Demo/DemoAssets/Materials/SWS_DemoSkybox.png using Guid(1f797d971ea65804ca7255fd1068f4c5) Importer(815301076,1909f56bfc062723c751e8b465ee728b)  -> (artifact id: 'df67151dcd1cd2cdf38a626329e53b04') in 0.336093 seconds
  Import took 0.374537 seconds .

========================================================================
Received Import Request.
  Time since last request: 0.000501 seconds.
  path: Assets/StylizedWater2/_Demo/DemoAssets/Terrain/SWS_DemoRiverBed.png
  artifactKey: Guid(181914f2fd5bdd845a84c010d458dac0) Importer(815301076,1909f56bfc062723c751e8b465ee728b)
Start importing Assets/StylizedWater2/_Demo/DemoAssets/Terrain/SWS_DemoRiverBed.png using Guid(181914f2fd5bdd845a84c010d458dac0) Importer(815301076,1909f56bfc062723c751e8b465ee728b)  -> (artifact id: 'ead6b9f8a4fd6794bb94e5dde6c6e940') in 0.106961 seconds
  Import took 0.189990 seconds .

========================================================================
Received Import Request.
  Time since last request: 0.000487 seconds.
  path: Assets/StylizedWater2/_Demo/DemoAssets/Terrain/SWS_DemoSeaweed_Normals.png
  artifactKey: Guid(d4628f0edf50fef40b2b840fc4428382) Importer(815301076,1909f56bfc062723c751e8b465ee728b)
Start importing Assets/StylizedWater2/_Demo/DemoAssets/Terrain/SWS_DemoSeaweed_Normals.png using Guid(d4628f0edf50fef40b2b840fc4428382) Importer(815301076,1909f56bfc062723c751e8b465ee728b)  -> (artifact id: '8a060614280132f0225161a580bd38ab') in 0.096532 seconds
  Import took 0.118778 seconds .

========================================================================
Received Import Request.
  Time since last request: 0.000386 seconds.
  path: Assets/StylizedWater2/_Demo/DemoAssets/Materials/Textures/SWS_DemoPalm_Bark.png
  artifactKey: Guid(5042d259206b1154f873a7cdbf388cdf) Importer(815301076,1909f56bfc062723c751e8b465ee728b)
Start importing Assets/StylizedWater2/_Demo/DemoAssets/Materials/Textures/SWS_DemoPalm_Bark.png using Guid(5042d259206b1154f873a7cdbf388cdf) Importer(815301076,1909f56bfc062723c751e8b465ee728b)  -> (artifact id: '92ddec826a8ac14eeddadca046c340e7') in 0.093544 seconds
  Import took 0.102449 seconds .

========================================================================
Received Import Request.
  Time since last request: 0.000450 seconds.
  path: Assets/StylizedWater2/Materials/Textures/SWS_Caustics1.png
  artifactKey: Guid(744ff0bbd92e5bd41a70b5102327485b) Importer(815301076,1909f56bfc062723c751e8b465ee728b)
Start importing Assets/StylizedWater2/Materials/Textures/SWS_Caustics1.png using Guid(744ff0bbd92e5bd41a70b5102327485b) Importer(815301076,1909f56bfc062723c751e8b465ee728b)  -> (artifact id: '8af1cc83f1698011e0f41a51780ebb43') in 0.162050 seconds
  Import took 0.182589 seconds .

========================================================================
Received Prepare
Registering precompiled user dll's ...
Registered in 0.034445 seconds.
Begin MonoManager ReloadAssembly
Native extension for WindowsStandalone target not found
Refreshing native plugins compatible for Editor in 1.23 ms, found 2 plugins.
Preloading 0 native plugins for Editor in 0.00 ms.
Mono: successfully reloaded assembly
- Completed reload, in  5.643 seconds
Platform modules already initialized, skipping
Shader 'Universal Render Pipeline/Particles/Lit': fallback shader 'Universal Render Pipeline/Particles/SimpleLit' not found
Refreshing native plugins compatible for Editor in 1.17 ms, found 2 plugins.
Preloading 0 native plugins for Editor in 0.00 ms.
Unloading 2735 Unused Serialized files (Serialized files now loaded: 0)
System memory in use before: 129.8 MB.
System memory in use after: 130.0 MB.

Unloading 14 unused Assets to reduce memory usage. Loaded Objects now: 3356.
Total: 6.933200 ms (FindLiveObjects: 0.920700 ms CreateObjectMapping: 0.367100 ms MarkObjects: 5.592800 ms  DeleteObjects: 0.049500 ms)

========================================================================
Received Prepare
Registering precompiled user dll's ...
Registered in 0.032800 seconds.
Begin MonoManager ReloadAssembly
Native extension for WindowsStandalone target not found
Refreshing native plugins compatible for Editor in 1.37 ms, found 2 plugins.
Preloading 0 native plugins for Editor in 0.00 ms.
Mono: successfully reloaded assembly
- Completed reload, in 11.104 seconds
Platform modules already initialized, skipping
Shader 'Universal Render Pipeline/Particles/Lit': fallback shader 'Universal Render Pipeline/Particles/SimpleLit' not found
Refreshing native plugins compatible for Editor in 1.39 ms, found 2 plugins.
Preloading 0 native plugins for Editor in 0.00 ms.
Unloading 2729 Unused Serialized files (Serialized files now loaded: 0)
System memory in use before: 129.3 MB.
System memory in use after: 129.5 MB.

Unloading 14 unused Assets to reduce memory usage. Loaded Objects now: 3359.
Total: 31.883600 ms (FindLiveObjects: 0.796800 ms CreateObjectMapping: 0.272000 ms MarkObjects: 30.764700 ms  DeleteObjects: 0.046700 ms)

========================================================================
Received Import Request.
  Time since last request: 85.974138 seconds.
  path: Assets/StylizedWater2/_Demo/DemoAssets/Terrain/Layers/SWS_DemoRock.terrainlayer
  artifactKey: Guid(fb10c5ba31482e44c97ef49a902d5170) Importer(815301076,1909f56bfc062723c751e8b465ee728b)
Start importing Assets/StylizedWater2/_Demo/DemoAssets/Terrain/Layers/SWS_DemoRock.terrainlayer using Guid(fb10c5ba31482e44c97ef49a902d5170) Importer(815301076,1909f56bfc062723c751e8b465ee728b)  -> (artifact id: 'a903c388f2a8a5aa42ca9855868b5d30') in 0.694139 seconds
  Import took 0.738480 seconds .

========================================================================
Received Import Request.
  Time since last request: 100.989426 seconds.
  path: Assets/StylizedWater2/_Demo/DemoAssets/Terrain/Layers/SWS_Seaweed.terrainlayer
  artifactKey: Guid(e10e46033aca09a4b8f983fde1c28361) Importer(815301076,1909f56bfc062723c751e8b465ee728b)
Start importing Assets/StylizedWater2/_Demo/DemoAssets/Terrain/Layers/SWS_Seaweed.terrainlayer using Guid(e10e46033aca09a4b8f983fde1c28361) Importer(815301076,1909f56bfc062723c751e8b465ee728b)  -> (artifact id: '69e69b92a49e52e54b0525bc9b8fdfa0') in 0.082065 seconds
  Import took 0.122079 seconds .

========================================================================
Received Import Request.
  Time since last request: 0.201258 seconds.
  path: Assets/StylizedWater2/_Demo/DemoAssets/Terrain/Layers/SWS_SandRough.terrainlayer
  artifactKey: Guid(4e22988483dec4149974aaebc4f4c362) Importer(815301076,1909f56bfc062723c751e8b465ee728b)
Start importing Assets/StylizedWater2/_Demo/DemoAssets/Terrain/Layers/SWS_SandRough.terrainlayer using Guid(4e22988483dec4149974aaebc4f4c362) Importer(815301076,1909f56bfc062723c751e8b465ee728b)  -> (artifact id: '71350f3f939234890858b002f31736de') in 0.054480 seconds
  Import took 0.137205 seconds .

========================================================================
Received Prepare
Registering precompiled user dll's ...
Registered in 0.005437 seconds.
Begin MonoManager ReloadAssembly
Native extension for WindowsStandalone target not found
Refreshing native plugins compatible for Editor in 1.34 ms, found 2 plugins.
Preloading 0 native plugins for Editor in 0.00 ms.
Mono: successfully reloaded assembly
- Completed reload, in  4.500 seconds
Platform modules already initialized, skipping
Shader 'Universal Render Pipeline/Particles/Lit': fallback shader 'Universal Render Pipeline/Particles/SimpleLit' not found
Refreshing native plugins compatible for Editor in 1.87 ms, found 2 plugins.
Preloading 0 native plugins for Editor in 0.00 ms.
Unloading 2729 Unused Serialized files (Serialized files now loaded: 0)
System memory in use before: 129.3 MB.
System memory in use after: 129.5 MB.

Unloading 14 unused Assets to reduce memory usage. Loaded Objects now: 3364.
Total: 6.750100 ms (FindLiveObjects: 0.939900 ms CreateObjectMapping: 0.535000 ms MarkObjects: 5.229000 ms  DeleteObjects: 0.043200 ms)

========================================================================
Received Prepare
Registering precompiled user dll's ...
Registered in 0.030139 seconds.
Begin MonoManager ReloadAssembly
Native extension for WindowsStandalone target not found
Refreshing native plugins compatible for Editor in 1.58 ms, found 2 plugins.
Preloading 0 native plugins for Editor in 0.00 ms.
Mono: successfully reloaded assembly
- Completed reload, in  2.801 seconds
Platform modules already initialized, skipping
Shader 'Universal Render Pipeline/Particles/Lit': fallback shader 'Universal Render Pipeline/Particles/SimpleLit' not found
Refreshing native plugins compatible for Editor in 1.31 ms, found 2 plugins.
Preloading 0 native plugins for Editor in 0.00 ms.
Unloading 2729 Unused Serialized files (Serialized files now loaded: 0)
System memory in use before: 129.3 MB.
System memory in use after: 129.6 MB.

Unloading 14 unused Assets to reduce memory usage. Loaded Objects now: 3367.
Total: 6.120600 ms (FindLiveObjects: 0.837700 ms CreateObjectMapping: 0.275600 ms MarkObjects: 4.954300 ms  DeleteObjects: 0.049700 ms)

========================================================================
Received Import Request.
  Time since last request: 98.086267 seconds.
  path: Assets/sand.terrainlayer
  artifactKey: Guid(9e0078fe471398e4fadecf69d745fcf0) Importer(815301076,1909f56bfc062723c751e8b465ee728b)
Start importing Assets/sand.terrainlayer using Guid(9e0078fe471398e4fadecf69d745fcf0) Importer(815301076,1909f56bfc062723c751e8b465ee728b)  -> (artifact id: '497e5e4bbe1f5656c7ebe0da0f98b440') in 0.143755 seconds
  Import took 0.171557 seconds .

========================================================================
Received Prepare
Registering precompiled user dll's ...
Registered in 0.005926 seconds.
Begin MonoManager ReloadAssembly
Native extension for WindowsStandalone target not found
Refreshing native plugins compatible for Editor in 1.27 ms, found 2 plugins.
Preloading 0 native plugins for Editor in 0.00 ms.
Mono: successfully reloaded assembly
- Completed reload, in  3.265 seconds
Platform modules already initialized, skipping
Shader 'Universal Render Pipeline/Particles/Lit': fallback shader 'Universal Render Pipeline/Particles/SimpleLit' not found
Refreshing native plugins compatible for Editor in 1.15 ms, found 2 plugins.
Preloading 0 native plugins for Editor in 0.00 ms.
Unloading 2729 Unused Serialized files (Serialized files now loaded: 0)
System memory in use before: 129.4 MB.
System memory in use after: 129.6 MB.

Unloading 14 unused Assets to reduce memory usage. Loaded Objects now: 3370.
Total: 8.842600 ms (FindLiveObjects: 2.322800 ms CreateObjectMapping: 0.332400 ms MarkObjects: 6.131600 ms  DeleteObjects: 0.052900 ms)

========================================================================
Received Import Request.
  Time since last request: 41.845247 seconds.
  path: Assets/StylizedWater2/Materials/Effects/Textures/WaterSplashCircle_5x5.png
  artifactKey: Guid(7a216b9dc9c30094c8447fd44417e6cb) Importer(815301076,1909f56bfc062723c751e8b465ee728b)
Start importing Assets/StylizedWater2/Materials/Effects/Textures/WaterSplashCircle_5x5.png using Guid(7a216b9dc9c30094c8447fd44417e6cb) Importer(815301076,1909f56bfc062723c751e8b465ee728b)  -> (artifact id: 'f9788984b2cc420be7698246c5dadb03') in 0.382344 seconds
  Import took 0.431778 seconds .

========================================================================
Received Import Request.
  Time since last request: 0.000429 seconds.
  path: Assets/StylizedWater2/Materials/Effects/Textures/WaterfallSplash_5x5.png
  artifactKey: Guid(1ec39eae9e109aa4d8c70c77ca06ffa8) Importer(815301076,1909f56bfc062723c751e8b465ee728b)
Start importing Assets/StylizedWater2/Materials/Effects/Textures/WaterfallSplash_5x5.png using Guid(1ec39eae9e109aa4d8c70c77ca06ffa8) Importer(815301076,1909f56bfc062723c751e8b465ee728b)  -> (artifact id: '3f17bc151235345ac8e639e42b6ae112') in 0.278888 seconds
  Import took 0.288309 seconds .

========================================================================
Received Import Request.
  Time since last request: 0.000393 seconds.
  path: Assets/StylizedWater2/Materials/Effects/Textures/WaterRipple_normal.png
  artifactKey: Guid(b235492afd682b14fa330a36bf8539af) Importer(815301076,1909f56bfc062723c751e8b465ee728b)
Start importing Assets/StylizedWater2/Materials/Effects/Textures/WaterRipple_normal.png using Guid(b235492afd682b14fa330a36bf8539af) Importer(815301076,1909f56bfc062723c751e8b465ee728b)  -> (artifact id: 'ae093df98e41c3d4c5473914a92a7733') in 0.267621 seconds
  Import took 0.325993 seconds .

========================================================================
Received Import Request.
  Time since last request: 0.000410 seconds.
  path: Assets/StylizedWater2/Materials/Effects/Textures/WaterSplashUp_6x6_normals.png
  artifactKey: Guid(cf59cfe0d17ff9d41ad4a68623e95d16) Importer(815301076,1909f56bfc062723c751e8b465ee728b)
Start importing Assets/StylizedWater2/Materials/Effects/Textures/WaterSplashUp_6x6_normals.png using Guid(cf59cfe0d17ff9d41ad4a68623e95d16) Importer(815301076,1909f56bfc062723c751e8b465ee728b)  -> (artifact id: 'c40147c3ae62d6d571c84d46f3c02b01') in 0.177591 seconds
  Import took 0.186164 seconds .

========================================================================
Received Import Request.
  Time since last request: 0.000466 seconds.
  path: Assets/StylizedWater2/Materials/Effects/Textures/WaterSplashUp_6x6.png
  artifactKey: Guid(b25bdd89afb6d1e42a291d08a2a51b43) Importer(815301076,1909f56bfc062723c751e8b465ee728b)
Start importing Assets/StylizedWater2/Materials/Effects/Textures/WaterSplashUp_6x6.png using Guid(b25bdd89afb6d1e42a291d08a2a51b43) Importer(815301076,1909f56bfc062723c751e8b465ee728b)  -> (artifact id: '848635015697880f877828315a693195') in 0.792150 seconds
  Import took 0.852981 seconds .

========================================================================
Received Import Request.
  Time since last request: 0.000427 seconds.
  path: Assets/StylizedWater2/Materials/Effects/Textures/WaterMist_5x5.png
  artifactKey: Guid(c49e969dfb39ed24b865b5ea73ea901b) Importer(815301076,1909f56bfc062723c751e8b465ee728b)
Start importing Assets/StylizedWater2/Materials/Effects/Textures/WaterMist_5x5.png using Guid(c49e969dfb39ed24b865b5ea73ea901b) Importer(815301076,1909f56bfc062723c751e8b465ee728b)  -> (artifact id: 'e6c57a279545b78a72a8633fcf9c3fad') in 0.272582 seconds
  Import took 0.300370 seconds .

========================================================================
Received Import Request.
  Time since last request: 0.000436 seconds.
  path: Assets/StylizedWater2/Materials/Effects/Textures/WaterSplashCircle_5x5_normals.png
  artifactKey: Guid(89ca8e9e9df9e3746a6d9e7339fc5cf9) Importer(815301076,1909f56bfc062723c751e8b465ee728b)
Start importing Assets/StylizedWater2/Materials/Effects/Textures/WaterSplashCircle_5x5_normals.png using Guid(89ca8e9e9df9e3746a6d9e7339fc5cf9) Importer(815301076,1909f56bfc062723c751e8b465ee728b)  -> (artifact id: '6cc788f58e7d9294ef539246c72eb84f') in 0.248541 seconds
  Import took 0.266300 seconds .

========================================================================
Received Import Request.
  Time since last request: 0.000404 seconds.
  path: Assets/StylizedWater2/Materials/Effects/Textures/WaterfallSplash_5x5_normals.png
  artifactKey: Guid(26a40374c0f319448be12fc2d9d06595) Importer(815301076,1909f56bfc062723c751e8b465ee728b)
Start importing Assets/StylizedWater2/Materials/Effects/Textures/WaterfallSplash_5x5_normals.png using Guid(26a40374c0f319448be12fc2d9d06595) Importer(815301076,1909f56bfc062723c751e8b465ee728b)  -> (artifact id: '99146821b98b7051c9eeea94faeaff0e') in 0.218623 seconds
  Import took 0.227771 seconds .

========================================================================
Received Import Request.
  Time since last request: 0.000411 seconds.
  path: Assets/StylizedWater2/Materials/Effects/Textures/WaterMist_5x5_normals.png
  artifactKey: Guid(44f9dbe54fbc12d47b885d677aec1c42) Importer(815301076,1909f56bfc062723c751e8b465ee728b)
Start importing Assets/StylizedWater2/Materials/Effects/Textures/WaterMist_5x5_normals.png using Guid(44f9dbe54fbc12d47b885d677aec1c42) Importer(815301076,1909f56bfc062723c751e8b465ee728b)  -> (artifact id: '9d42b2ad4e386f10aea9a080c08e6f27') in 0.204373 seconds
  Import took 0.229458 seconds .

========================================================================
Received Import Request.
  Time since last request: 0.000559 seconds.
  path: Assets/StylizedWater2/Materials/Effects/Textures/WaterSplash_6x6_normals.png
  artifactKey: Guid(c75a2b6518a6b804389f10ae86232a9b) Importer(815301076,1909f56bfc062723c751e8b465ee728b)
Start importing Assets/StylizedWater2/Materials/Effects/Textures/WaterSplash_6x6_normals.png using Guid(c75a2b6518a6b804389f10ae86232a9b) Importer(815301076,1909f56bfc062723c751e8b465ee728b)  -> (artifact id: 'ebe6c31f15ec9eed818c682528ca4997') in 0.233594 seconds
  Import took 0.255955 seconds .

========================================================================
Received Import Request.
  Time since last request: 0.000450 seconds.
  path: Assets/StylizedWater2/Materials/Effects/Textures/WaterSplash_6x6.png
  artifactKey: Guid(d148cb788e2a65248a11186344e26334) Importer(815301076,1909f56bfc062723c751e8b465ee728b)
Start importing Assets/StylizedWater2/Materials/Effects/Textures/WaterSplash_6x6.png using Guid(d148cb788e2a65248a11186344e26334) Importer(815301076,1909f56bfc062723c751e8b465ee728b)  -> (artifact id: 'a9069f98aa09db3030a86767e94cdd52') in 0.175474 seconds
  Import took 0.229627 seconds .

========================================================================
Received Import Request.
  Time since last request: 0.067308 seconds.
  path: Assets/StylizedWater2/Materials/Effects/Textures/WaterRipple.png
  artifactKey: Guid(12a8a0e9cb1136a4e8896157fee235c5) Importer(815301076,1909f56bfc062723c751e8b465ee728b)
Start importing Assets/StylizedWater2/Materials/Effects/Textures/WaterRipple.png using Guid(12a8a0e9cb1136a4e8896157fee235c5) Importer(815301076,1909f56bfc062723c751e8b465ee728b)  -> (artifact id: '8aee82f025f3965b223950bb8f650521') in 0.212203 seconds
  Import took 0.230240 seconds .

========================================================================
Received Prepare
Registering precompiled user dll's ...
Registered in 0.042252 seconds.
Begin MonoManager ReloadAssembly
Native extension for WindowsStandalone target not found
Refreshing native plugins compatible for Editor in 1.28 ms, found 2 plugins.
Preloading 0 native plugins for Editor in 0.00 ms.
Mono: successfully reloaded assembly
- Completed reload, in  6.286 seconds
Platform modules already initialized, skipping
Shader 'Universal Render Pipeline/Particles/Lit': fallback shader 'Universal Render Pipeline/Particles/SimpleLit' not found
Refreshing native plugins compatible for Editor in 1.16 ms, found 2 plugins.
Preloading 0 native plugins for Editor in 0.00 ms.
Unloading 2729 Unused Serialized files (Serialized files now loaded: 0)
System memory in use before: 129.4 MB.
System memory in use after: 129.6 MB.

Unloading 14 unused Assets to reduce memory usage. Loaded Objects now: 3375.
Total: 7.636000 ms (FindLiveObjects: 0.869700 ms CreateObjectMapping: 0.266700 ms MarkObjects: 6.432200 ms  DeleteObjects: 0.063500 ms)

========================================================================
Received Prepare
Registering precompiled user dll's ...
Registered in 0.005431 seconds.
Begin MonoManager ReloadAssembly
Native extension for WindowsStandalone target not found
Refreshing native plugins compatible for Editor in 1.49 ms, found 2 plugins.
Preloading 0 native plugins for Editor in 0.00 ms.
Mono: successfully reloaded assembly
- Completed reload, in  2.775 seconds
Platform modules already initialized, skipping
Shader 'Universal Render Pipeline/Particles/Lit': fallback shader 'Universal Render Pipeline/Particles/SimpleLit' not found
Refreshing native plugins compatible for Editor in 1.29 ms, found 2 plugins.
Preloading 0 native plugins for Editor in 0.00 ms.
Unloading 2729 Unused Serialized files (Serialized files now loaded: 0)
System memory in use before: 129.4 MB.
System memory in use after: 129.6 MB.

Unloading 14 unused Assets to reduce memory usage. Loaded Objects now: 3378.
Total: 6.832200 ms (FindLiveObjects: 1.096800 ms CreateObjectMapping: 0.455900 ms MarkObjects: 5.222200 ms  DeleteObjects: 0.053300 ms)

========================================================================
Received Prepare
Registering precompiled user dll's ...
Registered in 0.006089 seconds.
Begin MonoManager ReloadAssembly
Native extension for WindowsStandalone target not found
Refreshing native plugins compatible for Editor in 1.18 ms, found 2 plugins.
Preloading 0 native plugins for Editor in 0.00 ms.
Mono: successfully reloaded assembly
- Completed reload, in  2.748 seconds
Platform modules already initialized, skipping
Shader 'Universal Render Pipeline/Particles/Lit': fallback shader 'Universal Render Pipeline/Particles/SimpleLit' not found
Refreshing native plugins compatible for Editor in 1.20 ms, found 2 plugins.
Preloading 0 native plugins for Editor in 0.00 ms.
Unloading 2729 Unused Serialized files (Serialized files now loaded: 0)
System memory in use before: 129.4 MB.
System memory in use after: 129.6 MB.

Unloading 14 unused Assets to reduce memory usage. Loaded Objects now: 3381.
Total: 7.867100 ms (FindLiveObjects: 0.847200 ms CreateObjectMapping: 0.269400 ms MarkObjects: 6.691000 ms  DeleteObjects: 0.055800 ms)

========================================================================
Received Prepare
Registering precompiled user dll's ...
Registered in 0.005574 seconds.
Begin MonoManager ReloadAssembly
Native extension for WindowsStandalone target not found
Refreshing native plugins compatible for Editor in 1.23 ms, found 2 plugins.
Preloading 0 native plugins for Editor in 0.00 ms.
Mono: successfully reloaded assembly
- Completed reload, in  2.567 seconds
Platform modules already initialized, skipping
Shader 'Universal Render Pipeline/Particles/Lit': fallback shader 'Universal Render Pipeline/Particles/SimpleLit' not found
Refreshing native plugins compatible for Editor in 1.18 ms, found 2 plugins.
Preloading 0 native plugins for Editor in 0.00 ms.
Unloading 2729 Unused Serialized files (Serialized files now loaded: 0)
System memory in use before: 129.4 MB.
System memory in use after: 129.6 MB.

Unloading 14 unused Assets to reduce memory usage. Loaded Objects now: 3384.
Total: 6.651600 ms (FindLiveObjects: 0.852900 ms CreateObjectMapping: 0.271700 ms MarkObjects: 5.468700 ms  DeleteObjects: 0.054700 ms)

========================================================================
Received Prepare
Registering precompiled user dll's ...
Registered in 0.006447 seconds.
Begin MonoManager ReloadAssembly
Native extension for WindowsStandalone target not found
Refreshing native plugins compatible for Editor in 2.17 ms, found 2 plugins.
Preloading 0 native plugins for Editor in 0.00 ms.
Mono: successfully reloaded assembly
- Completed reload, in  2.799 seconds
Platform modules already initialized, skipping
Shader 'Universal Render Pipeline/Particles/Lit': fallback shader 'Universal Render Pipeline/Particles/SimpleLit' not found
Refreshing native plugins compatible for Editor in 1.33 ms, found 2 plugins.
Preloading 0 native plugins for Editor in 0.00 ms.
Unloading 2729 Unused Serialized files (Serialized files now loaded: 0)
System memory in use before: 129.4 MB.
System memory in use after: 129.6 MB.

Unloading 14 unused Assets to reduce memory usage. Loaded Objects now: 3387.
Total: 7.204700 ms (FindLiveObjects: 1.348800 ms CreateObjectMapping: 0.580200 ms MarkObjects: 5.227100 ms  DeleteObjects: 0.045300 ms)

========================================================================
Received Prepare
Registering precompiled user dll's ...
Registered in 0.013688 seconds.
Begin MonoManager ReloadAssembly
Native extension for WindowsStandalone target not found
Refreshing native plugins compatible for Editor in 1.21 ms, found 2 plugins.
Preloading 0 native plugins for Editor in 0.00 ms.
Mono: successfully reloaded assembly
- Completed reload, in  4.152 seconds
Platform modules already initialized, skipping
Shader 'Universal Render Pipeline/Particles/Lit': fallback shader 'Universal Render Pipeline/Particles/SimpleLit' not found
Refreshing native plugins compatible for Editor in 1.37 ms, found 2 plugins.
Preloading 0 native plugins for Editor in 0.00 ms.
Unloading 2729 Unused Serialized files (Serialized files now loaded: 0)
System memory in use before: 129.4 MB.
System memory in use after: 129.6 MB.

Unloading 14 unused Assets to reduce memory usage. Loaded Objects now: 3390.
Total: 7.502100 ms (FindLiveObjects: 0.858900 ms CreateObjectMapping: 0.628900 ms MarkObjects: 5.966200 ms  DeleteObjects: 0.044900 ms)

========================================================================
Received Prepare
Registering precompiled user dll's ...
Registered in 0.032238 seconds.
Begin MonoManager ReloadAssembly
Native extension for WindowsStandalone target not found
Refreshing native plugins compatible for Editor in 1.39 ms, found 2 plugins.
Preloading 0 native plugins for Editor in 0.00 ms.
Mono: successfully reloaded assembly
- Completed reload, in  3.233 seconds
Platform modules already initialized, skipping
Shader 'Universal Render Pipeline/Particles/Lit': fallback shader 'Universal Render Pipeline/Particles/SimpleLit' not found
Refreshing native plugins compatible for Editor in 1.83 ms, found 2 plugins.
Preloading 0 native plugins for Editor in 0.00 ms.
Unloading 2729 Unused Serialized files (Serialized files now loaded: 0)
System memory in use before: 129.4 MB.
System memory in use after: 129.6 MB.

Unloading 14 unused Assets to reduce memory usage. Loaded Objects now: 3393.
Total: 24.252500 ms (FindLiveObjects: 0.869000 ms CreateObjectMapping: 0.267300 ms MarkObjects: 23.056400 ms  DeleteObjects: 0.056400 ms)

========================================================================
Received Prepare
Registering precompiled user dll's ...
Registered in 0.005368 seconds.
Begin MonoManager ReloadAssembly
Native extension for WindowsStandalone target not found
Refreshing native plugins compatible for Editor in 1.18 ms, found 2 plugins.
Preloading 0 native plugins for Editor in 0.00 ms.
Mono: successfully reloaded assembly
- Completed reload, in  3.484 seconds
Platform modules already initialized, skipping
Shader 'Universal Render Pipeline/Particles/Lit': fallback shader 'Universal Render Pipeline/Particles/SimpleLit' not found
Refreshing native plugins compatible for Editor in 1.17 ms, found 2 plugins.
Preloading 0 native plugins for Editor in 0.00 ms.
Unloading 2729 Unused Serialized files (Serialized files now loaded: 0)
System memory in use before: 129.4 MB.
System memory in use after: 129.6 MB.

Unloading 14 unused Assets to reduce memory usage. Loaded Objects now: 3396.
Total: 6.215800 ms (FindLiveObjects: 0.823200 ms CreateObjectMapping: 0.274100 ms MarkObjects: 5.069200 ms  DeleteObjects: 0.046000 ms)

========================================================================
Received Prepare
Registering precompiled user dll's ...
Registered in 0.006628 seconds.
Begin MonoManager ReloadAssembly
Native extension for WindowsStandalone target not found
Refreshing native plugins compatible for Editor in 1.16 ms, found 2 plugins.
Preloading 0 native plugins for Editor in 0.00 ms.
Mono: successfully reloaded assembly
- Completed reload, in  4.479 seconds
Platform modules already initialized, skipping
Shader 'Universal Render Pipeline/Particles/Lit': fallback shader 'Universal Render Pipeline/Particles/SimpleLit' not found
Refreshing native plugins compatible for Editor in 1.24 ms, found 2 plugins.
Preloading 0 native plugins for Editor in 0.00 ms.
Unloading 2729 Unused Serialized files (Serialized files now loaded: 0)
System memory in use before: 129.4 MB.
System memory in use after: 129.7 MB.

Unloading 14 unused Assets to reduce memory usage. Loaded Objects now: 3399.
Total: 5.909100 ms (FindLiveObjects: 0.829300 ms CreateObjectMapping: 0.304500 ms MarkObjects: 4.726300 ms  DeleteObjects: 0.045700 ms)

========================================================================
Received Prepare
Registering precompiled user dll's ...
Registered in 0.006060 seconds.
Begin MonoManager ReloadAssembly
Native extension for WindowsStandalone target not found
Refreshing native plugins compatible for Editor in 1.65 ms, found 2 plugins.
Preloading 0 native plugins for Editor in 0.00 ms.
Mono: successfully reloaded assembly
- Completed reload, in  2.825 seconds
Platform modules already initialized, skipping
Shader 'Universal Render Pipeline/Particles/Lit': fallback shader 'Universal Render Pipeline/Particles/SimpleLit' not found
Refreshing native plugins compatible for Editor in 1.18 ms, found 2 plugins.
Preloading 0 native plugins for Editor in 0.00 ms.
Unloading 2729 Unused Serialized files (Serialized files now loaded: 0)
System memory in use before: 129.4 MB.
System memory in use after: 129.7 MB.

Unloading 14 unused Assets to reduce memory usage. Loaded Objects now: 3402.
Total: 9.146900 ms (FindLiveObjects: 0.952300 ms CreateObjectMapping: 0.301900 ms MarkObjects: 7.840300 ms  DeleteObjects: 0.048400 ms)

========================================================================
Received Prepare
Registering precompiled user dll's ...
Registered in 0.005971 seconds.
Begin MonoManager ReloadAssembly
Native extension for WindowsStandalone target not found
Refreshing native plugins compatible for Editor in 2.31 ms, found 2 plugins.
Preloading 0 native plugins for Editor in 0.00 ms.
Mono: successfully reloaded assembly
- Completed reload, in  3.390 seconds
Platform modules already initialized, skipping
Shader 'Universal Render Pipeline/Particles/Lit': fallback shader 'Universal Render Pipeline/Particles/SimpleLit' not found
Refreshing native plugins compatible for Editor in 1.66 ms, found 2 plugins.
Preloading 0 native plugins for Editor in 0.00 ms.
Unloading 2729 Unused Serialized files (Serialized files now loaded: 0)
System memory in use before: 129.4 MB.
System memory in use after: 129.7 MB.

Unloading 14 unused Assets to reduce memory usage. Loaded Objects now: 3405.
Total: 8.286000 ms (FindLiveObjects: 0.865200 ms CreateObjectMapping: 0.268200 ms MarkObjects: 7.090100 ms  DeleteObjects: 0.058800 ms)

========================================================================
Received Prepare
Registering precompiled user dll's ...
Registered in 0.007068 seconds.
Begin MonoManager ReloadAssembly
Native extension for WindowsStandalone target not found
Refreshing native plugins compatible for Editor in 1.14 ms, found 2 plugins.
Preloading 0 native plugins for Editor in 0.00 ms.
Mono: successfully reloaded assembly
- Completed reload, in  4.448 seconds
Platform modules already initialized, skipping
Shader 'Universal Render Pipeline/Particles/Lit': fallback shader 'Universal Render Pipeline/Particles/SimpleLit' not found
Refreshing native plugins compatible for Editor in 1.16 ms, found 2 plugins.
Preloading 0 native plugins for Editor in 0.00 ms.
Unloading 2729 Unused Serialized files (Serialized files now loaded: 0)
System memory in use before: 129.5 MB.
System memory in use after: 129.7 MB.

Unloading 14 unused Assets to reduce memory usage. Loaded Objects now: 3408.
Total: 6.087400 ms (FindLiveObjects: 0.848300 ms CreateObjectMapping: 0.268900 ms MarkObjects: 4.920300 ms  DeleteObjects: 0.046300 ms)

========================================================================
Received Prepare
Registering precompiled user dll's ...
Registered in 0.017076 seconds.
Begin MonoManager ReloadAssembly
Native extension for WindowsStandalone target not found
Refreshing native plugins compatible for Editor in 1.15 ms, found 2 plugins.
Preloading 0 native plugins for Editor in 0.00 ms.
Mono: successfully reloaded assembly
- Completed reload, in  2.632 seconds
Platform modules already initialized, skipping
Shader 'Universal Render Pipeline/Particles/Lit': fallback shader 'Universal Render Pipeline/Particles/SimpleLit' not found
Refreshing native plugins compatible for Editor in 1.17 ms, found 2 plugins.
Preloading 0 native plugins for Editor in 0.00 ms.
Unloading 2729 Unused Serialized files (Serialized files now loaded: 0)
System memory in use before: 129.5 MB.
System memory in use after: 129.7 MB.

Unloading 14 unused Assets to reduce memory usage. Loaded Objects now: 3411.
Total: 6.016800 ms (FindLiveObjects: 0.878100 ms CreateObjectMapping: 0.275700 ms MarkObjects: 4.803900 ms  DeleteObjects: 0.054400 ms)

========================================================================
Received Prepare
Registering precompiled user dll's ...
Registered in 0.007034 seconds.
Begin MonoManager ReloadAssembly
Native extension for WindowsStandalone target not found
Refreshing native plugins compatible for Editor in 14.38 ms, found 2 plugins.
Preloading 0 native plugins for Editor in 0.00 ms.
Mono: successfully reloaded assembly
- Completed reload, in  3.988 seconds
Platform modules already initialized, skipping
Shader 'Universal Render Pipeline/Particles/Lit': fallback shader 'Universal Render Pipeline/Particles/SimpleLit' not found
Refreshing native plugins compatible for Editor in 1.32 ms, found 2 plugins.
Preloading 0 native plugins for Editor in 0.00 ms.
Unloading 2729 Unused Serialized files (Serialized files now loaded: 0)
System memory in use before: 129.5 MB.
System memory in use after: 129.7 MB.

Unloading 14 unused Assets to reduce memory usage. Loaded Objects now: 3414.
Total: 6.758900 ms (FindLiveObjects: 1.161700 ms CreateObjectMapping: 0.363300 ms MarkObjects: 5.183800 ms  DeleteObjects: 0.046400 ms)

========================================================================
Received Prepare
Registering precompiled user dll's ...
Registered in 0.007071 seconds.
Begin MonoManager ReloadAssembly
Native extension for WindowsStandalone target not found
Refreshing native plugins compatible for Editor in 1.29 ms, found 2 plugins.
Preloading 0 native plugins for Editor in 0.00 ms.
Mono: successfully reloaded assembly
- Completed reload, in  3.288 seconds
Platform modules already initialized, skipping
Shader 'Universal Render Pipeline/Particles/Lit': fallback shader 'Universal Render Pipeline/Particles/SimpleLit' not found
Refreshing native plugins compatible for Editor in 2.01 ms, found 2 plugins.
Preloading 0 native plugins for Editor in 0.00 ms.
Unloading 2729 Unused Serialized files (Serialized files now loaded: 0)
System memory in use before: 129.5 MB.
System memory in use after: 129.7 MB.

Unloading 14 unused Assets to reduce memory usage. Loaded Objects now: 3417.
Total: 8.146400 ms (FindLiveObjects: 1.312200 ms CreateObjectMapping: 0.311400 ms MarkObjects: 6.380700 ms  DeleteObjects: 0.138600 ms)

========================================================================
Received Prepare
Registering precompiled user dll's ...
Registered in 0.006288 seconds.
Begin MonoManager ReloadAssembly
Native extension for WindowsStandalone target not found
Refreshing native plugins compatible for Editor in 1.16 ms, found 2 plugins.
Preloading 0 native plugins for Editor in 0.00 ms.
Mono: successfully reloaded assembly
- Completed reload, in  3.902 seconds
Platform modules already initialized, skipping
Shader 'Universal Render Pipeline/Particles/Lit': fallback shader 'Universal Render Pipeline/Particles/SimpleLit' not found
Refreshing native plugins compatible for Editor in 1.18 ms, found 2 plugins.
Preloading 0 native plugins for Editor in 0.00 ms.
Unloading 2729 Unused Serialized files (Serialized files now loaded: 0)
System memory in use before: 129.5 MB.
System memory in use after: 129.7 MB.

Unloading 14 unused Assets to reduce memory usage. Loaded Objects now: 3420.
Total: 14.416100 ms (FindLiveObjects: 1.037400 ms CreateObjectMapping: 0.352900 ms MarkObjects: 10.925100 ms  DeleteObjects: 2.095100 ms)

========================================================================
Received Prepare
Registering precompiled user dll's ...
Registered in 0.007072 seconds.
Begin MonoManager ReloadAssembly
Native extension for WindowsStandalone target not found
Refreshing native plugins compatible for Editor in 1.64 ms, found 2 plugins.
Preloading 0 native plugins for Editor in 0.00 ms.
Mono: successfully reloaded assembly
- Completed reload, in  3.175 seconds
Platform modules already initialized, skipping
Shader 'Universal Render Pipeline/Particles/Lit': fallback shader 'Universal Render Pipeline/Particles/SimpleLit' not found
Refreshing native plugins compatible for Editor in 1.67 ms, found 2 plugins.
Preloading 0 native plugins for Editor in 0.00 ms.
Unloading 2729 Unused Serialized files (Serialized files now loaded: 0)
System memory in use before: 129.5 MB.
System memory in use after: 129.7 MB.

Unloading 14 unused Assets to reduce memory usage. Loaded Objects now: 3423.
Total: 6.765400 ms (FindLiveObjects: 0.902900 ms CreateObjectMapping: 0.277100 ms MarkObjects: 5.517700 ms  DeleteObjects: 0.063900 ms)

========================================================================
Received Prepare
Registering precompiled user dll's ...
Registered in 0.026518 seconds.
Begin MonoManager ReloadAssembly
Native extension for WindowsStandalone target not found
Refreshing native plugins compatible for Editor in 1.19 ms, found 2 plugins.
Preloading 0 native plugins for Editor in 0.00 ms.
Mono: successfully reloaded assembly
- Completed reload, in  4.009 seconds
Platform modules already initialized, skipping
Shader 'Universal Render Pipeline/Particles/Lit': fallback shader 'Universal Render Pipeline/Particles/SimpleLit' not found
Refreshing native plugins compatible for Editor in 1.14 ms, found 2 plugins.
Preloading 0 native plugins for Editor in 0.00 ms.
Unloading 2729 Unused Serialized files (Serialized files now loaded: 0)
System memory in use before: 129.5 MB.
System memory in use after: 129.7 MB.

Unloading 14 unused Assets to reduce memory usage. Loaded Objects now: 3426.
Total: 7.284400 ms (FindLiveObjects: 0.838000 ms CreateObjectMapping: 0.262600 ms MarkObjects: 6.133800 ms  DeleteObjects: 0.046400 ms)

========================================================================
Received Prepare
Registering precompiled user dll's ...
Registered in 0.006785 seconds.
Begin MonoManager ReloadAssembly
Native extension for WindowsStandalone target not found
Refreshing native plugins compatible for Editor in 1.46 ms, found 2 plugins.
Preloading 0 native plugins for Editor in 0.00 ms.
Mono: successfully reloaded assembly
- Completed reload, in  3.408 seconds
Platform modules already initialized, skipping
Shader 'Universal Render Pipeline/Particles/Lit': fallback shader 'Universal Render Pipeline/Particles/SimpleLit' not found
Refreshing native plugins compatible for Editor in 1.17 ms, found 2 plugins.
Preloading 0 native plugins for Editor in 0.00 ms.
Unloading 2729 Unused Serialized files (Serialized files now loaded: 0)
System memory in use before: 129.5 MB.
System memory in use after: 129.7 MB.

Unloading 14 unused Assets to reduce memory usage. Loaded Objects now: 3429.
Total: 7.928900 ms (FindLiveObjects: 1.725400 ms CreateObjectMapping: 0.365100 ms MarkObjects: 5.790700 ms  DeleteObjects: 0.044100 ms)

========================================================================
Received Prepare
Registering precompiled user dll's ...
Registered in 0.028983 seconds.
Begin MonoManager ReloadAssembly
Native extension for WindowsStandalone target not found
Refreshing native plugins compatible for Editor in 1.58 ms, found 2 plugins.
Preloading 0 native plugins for Editor in 0.00 ms.
Mono: successfully reloaded assembly
- Completed reload, in 10.566 seconds
Platform modules already initialized, skipping
Shader 'Universal Render Pipeline/Particles/Lit': fallback shader 'Universal Render Pipeline/Particles/SimpleLit' not found
Refreshing native plugins compatible for Editor in 1.26 ms, found 2 plugins.
Preloading 0 native plugins for Editor in 0.00 ms.
Unloading 2729 Unused Serialized files (Serialized files now loaded: 0)
System memory in use before: 129.5 MB.
System memory in use after: 129.7 MB.

Unloading 14 unused Assets to reduce memory usage. Loaded Objects now: 3432.
Total: 7.101800 ms (FindLiveObjects: 0.845100 ms CreateObjectMapping: 0.286000 ms MarkObjects: 5.923100 ms  DeleteObjects: 0.044600 ms)

========================================================================
Received Prepare
Registering precompiled user dll's ...
Registered in 0.007269 seconds.
Begin MonoManager ReloadAssembly
Native extension for WindowsStandalone target not found
Refreshing native plugins compatible for Editor in 1.96 ms, found 2 plugins.
Preloading 0 native plugins for Editor in 0.00 ms.
Mono: successfully reloaded assembly
- Completed reload, in  5.144 seconds
Platform modules already initialized, skipping
Shader 'Universal Render Pipeline/Particles/Lit': fallback shader 'Universal Render Pipeline/Particles/SimpleLit' not found
Refreshing native plugins compatible for Editor in 1.15 ms, found 2 plugins.
Preloading 0 native plugins for Editor in 0.00 ms.
Unloading 2729 Unused Serialized files (Serialized files now loaded: 0)
System memory in use before: 129.5 MB.
System memory in use after: 129.7 MB.

Unloading 14 unused Assets to reduce memory usage. Loaded Objects now: 3435.
Total: 6.143400 ms (FindLiveObjects: 0.853500 ms CreateObjectMapping: 0.275600 ms MarkObjects: 4.930700 ms  DeleteObjects: 0.080200 ms)

========================================================================
Received Prepare
Registering precompiled user dll's ...
Registered in 0.005617 seconds.
Begin MonoManager ReloadAssembly
Native extension for WindowsStandalone target not found
Refreshing native plugins compatible for Editor in 1.36 ms, found 2 plugins.
Preloading 0 native plugins for Editor in 0.00 ms.
Mono: successfully reloaded assembly
- Completed reload, in  3.819 seconds
Platform modules already initialized, skipping
Shader 'Universal Render Pipeline/Particles/Lit': fallback shader 'Universal Render Pipeline/Particles/SimpleLit' not found
Refreshing native plugins compatible for Editor in 2.06 ms, found 2 plugins.
Preloading 0 native plugins for Editor in 0.00 ms.
Unloading 2729 Unused Serialized files (Serialized files now loaded: 0)
System memory in use before: 129.5 MB.
System memory in use after: 129.7 MB.

Unloading 14 unused Assets to reduce memory usage. Loaded Objects now: 3438.
Total: 6.014300 ms (FindLiveObjects: 0.830500 ms CreateObjectMapping: 0.272500 ms MarkObjects: 4.862300 ms  DeleteObjects: 0.045400 ms)

========================================================================
Received Prepare
Registering precompiled user dll's ...
Registered in 0.005558 seconds.
Begin MonoManager ReloadAssembly
Native extension for WindowsStandalone target not found
Refreshing native plugins compatible for Editor in 1.21 ms, found 2 plugins.
Preloading 0 native plugins for Editor in 0.00 ms.
Mono: successfully reloaded assembly
- Completed reload, in  3.862 seconds
Platform modules already initialized, skipping
Shader 'Universal Render Pipeline/Particles/Lit': fallback shader 'Universal Render Pipeline/Particles/SimpleLit' not found
Refreshing native plugins compatible for Editor in 1.21 ms, found 2 plugins.
Preloading 0 native plugins for Editor in 0.00 ms.
Unloading 2729 Unused Serialized files (Serialized files now loaded: 0)
System memory in use before: 129.5 MB.
System memory in use after: 129.7 MB.

Unloading 14 unused Assets to reduce memory usage. Loaded Objects now: 3441.
Total: 6.937200 ms (FindLiveObjects: 0.839500 ms CreateObjectMapping: 0.276700 ms MarkObjects: 5.771400 ms  DeleteObjects: 0.045800 ms)

========================================================================
Received Prepare
Registering precompiled user dll's ...
Registered in 0.012079 seconds.
Begin MonoManager ReloadAssembly
Native extension for WindowsStandalone target not found
Refreshing native plugins compatible for Editor in 1.18 ms, found 2 plugins.
Preloading 0 native plugins for Editor in 0.00 ms.
Mono: successfully reloaded assembly
- Completed reload, in  3.999 seconds
Platform modules already initialized, skipping
Shader 'Universal Render Pipeline/Particles/Lit': fallback shader 'Universal Render Pipeline/Particles/SimpleLit' not found
Refreshing native plugins compatible for Editor in 1.35 ms, found 2 plugins.
Preloading 0 native plugins for Editor in 0.00 ms.
Unloading 2729 Unused Serialized files (Serialized files now loaded: 0)
System memory in use before: 129.5 MB.
System memory in use after: 129.7 MB.

Unloading 14 unused Assets to reduce memory usage. Loaded Objects now: 3444.
Total: 7.242400 ms (FindLiveObjects: 0.875000 ms CreateObjectMapping: 0.278400 ms MarkObjects: 6.038100 ms  DeleteObjects: 0.047300 ms)

========================================================================
Received Prepare
Registering precompiled user dll's ...
Registered in 0.006741 seconds.
Begin MonoManager ReloadAssembly
Native extension for WindowsStandalone target not found
Refreshing native plugins compatible for Editor in 1.17 ms, found 2 plugins.
Preloading 0 native plugins for Editor in 0.00 ms.
Mono: successfully reloaded assembly
- Completed reload, in  4.923 seconds
Platform modules already initialized, skipping
Shader 'Universal Render Pipeline/Particles/Lit': fallback shader 'Universal Render Pipeline/Particles/SimpleLit' not found
Refreshing native plugins compatible for Editor in 1.17 ms, found 2 plugins.
Preloading 0 native plugins for Editor in 0.00 ms.
Unloading 2729 Unused Serialized files (Serialized files now loaded: 0)
System memory in use before: 129.5 MB.
System memory in use after: 129.8 MB.

Unloading 14 unused Assets to reduce memory usage. Loaded Objects now: 3447.
Total: 7.053300 ms (FindLiveObjects: 0.828800 ms CreateObjectMapping: 0.275600 ms MarkObjects: 5.900900 ms  DeleteObjects: 0.045100 ms)

========================================================================
Received Prepare
Registering precompiled user dll's ...
Registered in 0.007430 seconds.
Begin MonoManager ReloadAssembly
Native extension for WindowsStandalone target not found
Refreshing native plugins compatible for Editor in 1.44 ms, found 2 plugins.
Preloading 0 native plugins for Editor in 0.00 ms.
Mono: successfully reloaded assembly
- Completed reload, in  7.521 seconds
Platform modules already initialized, skipping
Shader 'Universal Render Pipeline/Particles/Lit': fallback shader 'Universal Render Pipeline/Particles/SimpleLit' not found
Refreshing native plugins compatible for Editor in 2.12 ms, found 2 plugins.
Preloading 0 native plugins for Editor in 0.00 ms.
Unloading 2729 Unused Serialized files (Serialized files now loaded: 0)
System memory in use before: 129.5 MB.
System memory in use after: 129.8 MB.

Unloading 14 unused Assets to reduce memory usage. Loaded Objects now: 3450.
Total: 5.980300 ms (FindLiveObjects: 0.846500 ms CreateObjectMapping: 0.267800 ms MarkObjects: 4.816900 ms  DeleteObjects: 0.045400 ms)

========================================================================
Received Prepare
Registering precompiled user dll's ...
Registered in 0.012369 seconds.
Begin MonoManager ReloadAssembly
Native extension for WindowsStandalone target not found
Refreshing native plugins compatible for Editor in 1.27 ms, found 2 plugins.
Preloading 0 native plugins for Editor in 0.00 ms.
Mono: successfully reloaded assembly
- Completed reload, in  3.766 seconds
Platform modules already initialized, skipping
Shader 'Universal Render Pipeline/Particles/Lit': fallback shader 'Universal Render Pipeline/Particles/SimpleLit' not found
Refreshing native plugins compatible for Editor in 1.17 ms, found 2 plugins.
Preloading 0 native plugins for Editor in 0.00 ms.
Unloading 2729 Unused Serialized files (Serialized files now loaded: 0)
System memory in use before: 129.5 MB.
System memory in use after: 129.8 MB.

Unloading 14 unused Assets to reduce memory usage. Loaded Objects now: 3453.
Total: 7.089600 ms (FindLiveObjects: 0.850400 ms CreateObjectMapping: 0.288900 ms MarkObjects: 5.889900 ms  DeleteObjects: 0.055800 ms)

========================================================================
Received Prepare
Registering precompiled user dll's ...
Registered in 0.006692 seconds.
Begin MonoManager ReloadAssembly
Native extension for WindowsStandalone target not found
Refreshing native plugins compatible for Editor in 1.16 ms, found 2 plugins.
Preloading 0 native plugins for Editor in 0.00 ms.
Mono: successfully reloaded assembly
- Completed reload, in  3.229 seconds
Platform modules already initialized, skipping
Shader 'Universal Render Pipeline/Particles/Lit': fallback shader 'Universal Render Pipeline/Particles/SimpleLit' not found
Refreshing native plugins compatible for Editor in 1.27 ms, found 2 plugins.
Preloading 0 native plugins for Editor in 0.00 ms.
Unloading 2729 Unused Serialized files (Serialized files now loaded: 0)
System memory in use before: 129.6 MB.
System memory in use after: 129.8 MB.

Unloading 14 unused Assets to reduce memory usage. Loaded Objects now: 3456.
Total: 7.162200 ms (FindLiveObjects: 0.895300 ms CreateObjectMapping: 0.326400 ms MarkObjects: 5.876600 ms  DeleteObjects: 0.044800 ms)

========================================================================
Received Prepare
Registering precompiled user dll's ...
Registered in 0.016163 seconds.
Begin MonoManager ReloadAssembly
Native extension for WindowsStandalone target not found
Refreshing native plugins compatible for Editor in 1.17 ms, found 2 plugins.
Preloading 0 native plugins for Editor in 0.00 ms.
Mono: successfully reloaded assembly
- Completed reload, in  5.189 seconds
Platform modules already initialized, skipping
Shader 'Universal Render Pipeline/Particles/Lit': fallback shader 'Universal Render Pipeline/Particles/SimpleLit' not found
Refreshing native plugins compatible for Editor in 1.15 ms, found 2 plugins.
Preloading 0 native plugins for Editor in 0.00 ms.
Unloading 2729 Unused Serialized files (Serialized files now loaded: 0)
System memory in use before: 129.6 MB.
System memory in use after: 129.8 MB.

Unloading 14 unused Assets to reduce memory usage. Loaded Objects now: 3459.
Total: 6.746800 ms (FindLiveObjects: 1.407500 ms CreateObjectMapping: 0.386700 ms MarkObjects: 4.898100 ms  DeleteObjects: 0.051000 ms)

========================================================================
Received Prepare
Registering precompiled user dll's ...
Registered in 0.005368 seconds.
Begin MonoManager ReloadAssembly
Native extension for WindowsStandalone target not found
Refreshing native plugins compatible for Editor in 1.20 ms, found 2 plugins.
Preloading 0 native plugins for Editor in 0.00 ms.
Mono: successfully reloaded assembly
- Completed reload, in  9.254 seconds
Platform modules already initialized, skipping
Shader 'Universal Render Pipeline/Particles/Lit': fallback shader 'Universal Render Pipeline/Particles/SimpleLit' not found
Refreshing native plugins compatible for Editor in 10.50 ms, found 2 plugins.
Preloading 0 native plugins for Editor in 0.00 ms.
Unloading 2729 Unused Serialized files (Serialized files now loaded: 0)
System memory in use before: 129.6 MB.
System memory in use after: 129.8 MB.

Unloading 14 unused Assets to reduce memory usage. Loaded Objects now: 3462.
Total: 16.768500 ms (FindLiveObjects: 1.076300 ms CreateObjectMapping: 0.839200 ms MarkObjects: 14.659600 ms  DeleteObjects: 0.189700 ms)

========================================================================
Received Prepare
Registering precompiled user dll's ...
Registered in 0.005450 seconds.
Begin MonoManager ReloadAssembly
Native extension for WindowsStandalone target not found
Refreshing native plugins compatible for Editor in 1.21 ms, found 2 plugins.
Preloading 0 native plugins for Editor in 0.00 ms.
Mono: successfully reloaded assembly
- Completed reload, in  8.591 seconds
Platform modules already initialized, skipping
Shader 'Universal Render Pipeline/Particles/Lit': fallback shader 'Universal Render Pipeline/Particles/SimpleLit' not found
Refreshing native plugins compatible for Editor in 1.15 ms, found 2 plugins.
Preloading 0 native plugins for Editor in 0.00 ms.
Unloading 2729 Unused Serialized files (Serialized files now loaded: 0)
System memory in use before: 129.6 MB.
System memory in use after: 129.8 MB.

Unloading 14 unused Assets to reduce memory usage. Loaded Objects now: 3465.
Total: 6.848300 ms (FindLiveObjects: 0.945000 ms CreateObjectMapping: 0.300700 ms MarkObjects: 5.523000 ms  DeleteObjects: 0.076300 ms)

========================================================================
Received Prepare
Registering precompiled user dll's ...
Registered in 0.005569 seconds.
Begin MonoManager ReloadAssembly
Native extension for WindowsStandalone target not found
Refreshing native plugins compatible for Editor in 1.27 ms, found 2 plugins.
Preloading 0 native plugins for Editor in 0.00 ms.
Mono: successfully reloaded assembly
- Completed reload, in  8.486 seconds
Platform modules already initialized, skipping
Shader 'Universal Render Pipeline/Particles/Lit': fallback shader 'Universal Render Pipeline/Particles/SimpleLit' not found
Refreshing native plugins compatible for Editor in 1.24 ms, found 2 plugins.
Preloading 0 native plugins for Editor in 0.00 ms.
Unloading 2729 Unused Serialized files (Serialized files now loaded: 0)
System memory in use before: 129.6 MB.
System memory in use after: 129.8 MB.

Unloading 14 unused Assets to reduce memory usage. Loaded Objects now: 3468.
Total: 7.470500 ms (FindLiveObjects: 0.817500 ms CreateObjectMapping: 0.476500 ms MarkObjects: 6.127600 ms  DeleteObjects: 0.045900 ms)

========================================================================
Received Prepare
Registering precompiled user dll's ...
Registered in 0.010945 seconds.
Begin MonoManager ReloadAssembly
Native extension for WindowsStandalone target not found
Refreshing native plugins compatible for Editor in 1.17 ms, found 2 plugins.
Preloading 0 native plugins for Editor in 0.00 ms.
Mono: successfully reloaded assembly
- Completed reload, in  7.102 seconds
Platform modules already initialized, skipping
Shader 'Universal Render Pipeline/Particles/Lit': fallback shader 'Universal Render Pipeline/Particles/SimpleLit' not found
Refreshing native plugins compatible for Editor in 1.39 ms, found 2 plugins.
Preloading 0 native plugins for Editor in 0.00 ms.
Unloading 2729 Unused Serialized files (Serialized files now loaded: 0)
System memory in use before: 129.6 MB.
System memory in use after: 129.8 MB.

Unloading 14 unused Assets to reduce memory usage. Loaded Objects now: 3471.
Total: 7.542600 ms (FindLiveObjects: 1.045200 ms CreateObjectMapping: 0.336200 ms MarkObjects: 6.113600 ms  DeleteObjects: 0.044500 ms)

========================================================================
Received Prepare
Registering precompiled user dll's ...
Registered in 0.006038 seconds.
Begin MonoManager ReloadAssembly
Native extension for WindowsStandalone target not found
Refreshing native plugins compatible for Editor in 1.15 ms, found 2 plugins.
Preloading 0 native plugins for Editor in 0.00 ms.
Mono: successfully reloaded assembly
- Completed reload, in  3.982 seconds
Platform modules already initialized, skipping
Shader 'Universal Render Pipeline/Particles/Lit': fallback shader 'Universal Render Pipeline/Particles/SimpleLit' not found
Refreshing native plugins compatible for Editor in 1.19 ms, found 2 plugins.
Preloading 0 native plugins for Editor in 0.00 ms.
Unloading 2729 Unused Serialized files (Serialized files now loaded: 0)
System memory in use before: 129.6 MB.
System memory in use after: 129.8 MB.

Unloading 14 unused Assets to reduce memory usage. Loaded Objects now: 3474.
Total: 7.111500 ms (FindLiveObjects: 0.887000 ms CreateObjectMapping: 0.306900 ms MarkObjects: 5.864000 ms  DeleteObjects: 0.050100 ms)

========================================================================
Received Prepare
Registering precompiled user dll's ...
Registered in 0.009331 seconds.
Begin MonoManager ReloadAssembly
Native extension for WindowsStandalone target not found
Refreshing native plugins compatible for Editor in 1.24 ms, found 2 plugins.
Preloading 0 native plugins for Editor in 0.00 ms.
Mono: successfully reloaded assembly
- Completed reload, in  4.862 seconds
Platform modules already initialized, skipping
Shader 'Universal Render Pipeline/Particles/Lit': fallback shader 'Universal Render Pipeline/Particles/SimpleLit' not found
Refreshing native plugins compatible for Editor in 1.22 ms, found 2 plugins.
Preloading 0 native plugins for Editor in 0.00 ms.
Unloading 2729 Unused Serialized files (Serialized files now loaded: 0)
System memory in use before: 129.6 MB.
System memory in use after: 129.8 MB.

Unloading 14 unused Assets to reduce memory usage. Loaded Objects now: 3477.
Total: 6.793500 ms (FindLiveObjects: 0.931800 ms CreateObjectMapping: 0.338500 ms MarkObjects: 5.456500 ms  DeleteObjects: 0.063400 ms)

========================================================================
Received Prepare
Registering precompiled user dll's ...
Registered in 0.013650 seconds.
Begin MonoManager ReloadAssembly
Native extension for WindowsStandalone target not found
Refreshing native plugins compatible for Editor in 1.40 ms, found 2 plugins.
Preloading 0 native plugins for Editor in 0.00 ms.
Mono: successfully reloaded assembly
- Completed reload, in  6.272 seconds
Platform modules already initialized, skipping
Shader 'Universal Render Pipeline/Particles/Lit': fallback shader 'Universal Render Pipeline/Particles/SimpleLit' not found
Refreshing native plugins compatible for Editor in 1.37 ms, found 2 plugins.
Preloading 0 native plugins for Editor in 0.00 ms.
Unloading 2729 Unused Serialized files (Serialized files now loaded: 0)
System memory in use before: 129.6 MB.
System memory in use after: 129.8 MB.

Unloading 14 unused Assets to reduce memory usage. Loaded Objects now: 3480.
Total: 7.263500 ms (FindLiveObjects: 0.842200 ms CreateObjectMapping: 0.603200 ms MarkObjects: 5.769200 ms  DeleteObjects: 0.045900 ms)

